2024-02-18 11:03:15,039:backup_app.devices.Devices_Load:DEBUG::Loading basic devices list.
2024-02-18 11:03:15,039:backup_app.devices.Devices_Load:DEBUG::Empty RAM memory.
2024-02-18 11:03:15,039:backup_app.devices.Devices_Load:INFO::Creating device objects..
2024-02-18 11:03:15,040:backup_app.devices.Cisco:DEBUG::192.168.11.11 - Creatad.
2024-02-18 11:03:15,040:backup_app.Backup:INFO::Start application.
2024-02-18 11:03:15,045:backup_app.Backup:INFO::192.168.11.11 - Trying create backup.
2024-02-18 11:03:15,045:backup_app.connections.SSH_Connection:DEBUG::192.168.11.11 - Checking if the host is responding
2024-02-18 11:03:18,065:backup_app.connections.SSH_Connection:DEBUG::192.168.11.11 - The host responds
2024-02-18 11:03:18,065:backup_app.connections.SSH_Connection:DEBUG::192.168.11.11 - Downloading the necessary commands.
2024-02-18 11:03:18,065:backup_app.devices.Cisco:DEBUG::192.168.11.11 - Returning commands.
2024-02-18 11:03:18,066:backup_app.connections.SSH_Connection:INFO::('192.168.11.11 - Trying download configuration ', 'from the device.')
2024-02-18 11:03:18,066:backup_app.connections.SSH_Connection:DEBUG::192.168.11.11 - Attempting to create an SSH connection.
2024-02-18 11:03:18,066:backup_app.connections.SSH_Connection:DEBUG::192.168.11.11 - Connecting with password.
2024-02-18 11:03:18,422:backup_app.connections.SSH_Connection:ERROR::("192.168.11.11 - Can't connect. Device ", 'not found in known_host file.')
2024-02-18 11:03:18,422:backup_app.Backup:WARNING::192.168.11.11 - Unable to connect to device.
2024-02-18 11:04:03,669:backup_app.devices.Devices_Load:DEBUG:Loading basic devices list.
2024-02-18 11:04:03,669:backup_app.devices.Devices_Load:DEBUG:Empty RAM memory.
2024-02-18 11:04:03,670:backup_app.devices.Devices_Load:INFO:Creating device objects..
2024-02-18 11:04:03,670:backup_app.devices.Cisco:DEBUG:r1.home - Creatad.
2024-02-18 11:04:03,670:backup_app.Backup:INFO:Start application.
2024-02-18 11:04:03,673:backup_app.Backup:INFO:r1.home - Trying create backup.
2024-02-18 11:04:03,674:backup_app.connections.SSH_Connection:DEBUG:r1.home - Checking if the host is responding
2024-02-18 11:04:06,786:backup_app.connections.SSH_Connection:DEBUG:r1.home - The host responds
2024-02-18 11:04:06,787:backup_app.connections.SSH_Connection:DEBUG:r1.home - Downloading the necessary commands.
2024-02-18 11:04:06,787:backup_app.devices.Cisco:DEBUG:r1.home - Returning commands.
2024-02-18 11:04:06,787:backup_app.connections.SSH_Connection:INFO:('r1.home - Trying download configuration ', 'from the device.')
2024-02-18 11:04:06,787:backup_app.connections.SSH_Connection:DEBUG:r1.home - Attempting to create an SSH connection.
2024-02-18 11:04:06,787:backup_app.connections.SSH_Connection:DEBUG:r1.home - Connecting with password.
2024-02-18 11:04:07,692:backup_app.connections.SSH_Connection:DEBUG:r1.home - Connection created.
2024-02-18 11:04:07,692:backup_app.connections.SSH_Connection:DEBUG:r1.home - Sending commands.
2024-02-18 11:04:07,824:backup_app.connections.SSH_Connection:DEBUG:r1.home - Connection completend sucessfully.
2024-02-18 11:04:07,824:backup_app.connections.SSH_Connection:DEBUG:r1.home - Filtering the configuration file.
2024-02-18 11:04:07,824:backup_app.devices.Cisco:DEBUG:r1.home - Configuration filtering.
2024-02-18 11:04:07,825:backup_app.Backup:DEBUG:r1.home - Writing config to the file.
2024-02-18 11:04:07,825:backup_app.Backup:DEBUG:r1.home - Check if the folder exist.
2024-02-18 11:04:07,825:backup_app.Backup:INFO:("r1.home - The folder doesn't exist ", "or account doesn't have permissions.")
2024-02-18 11:04:07,825:backup_app.Backup:INFO:r1.home - Creating a folder.
2024-02-18 11:04:07,826:backup_app.Backup:DEBUG:r1.home - Opening the file.
2024-02-18 11:04:07,826:backup_app.Backup:DEBUG:r1.home - Writing config.
2024-02-18 11:04:07,826:backup_app.Backup:DEBUG:r1.home - Git commands execute.
2024-02-18 11:04:07,826:backup_app.git_operations.Git:DEBUG:r1.home - Check if git repozitory exist.
2024-02-18 11:04:07,826:backup_app.git_operations.Git:DEBUG:r1.home - Repozitory don't exist.
2024-02-18 11:04:07,827:backup_app.git_operations.Git:DEBUG:r1.home - Creating repozitory.
2024-02-18 11:04:07,839:backup_app.git_operations.Git:DEBUG:r1.home - Adding file to repozitory.
2024-02-18 11:04:07,840:backup_app.git_operations.Git:DEBUG:r1.home - Checking status.
2024-02-18 11:04:07,843:backup_app.git_operations.Git:DEBUG:r1.home - The file added to repozitory.
2024-02-18 11:04:07,843:backup_app.git_operations.Git:DEBUG:r1.home - Status correct after create git for.
2024-02-18 11:04:07,843:backup_app.git_operations.Git:DEBUG:r1.home - Checking status.
2024-02-18 11:04:07,847:backup_app.git_operations.Git:DEBUG:r1.home - The file added to repozitory.
2024-02-18 11:04:07,847:backup_app.git_operations.Git:INFO:r1.home - File modify.
2024-02-18 11:04:07,847:backup_app.git_operations.Git:INFO:r1.home - Commiting repository.
2024-02-18 11:04:07,932:backup_app.git_operations.Git:INFO:r1.home - Commited.
2024-02-18 11:04:07,932:backup_app.Backup:INFO:r1.home - Backup completed.
2024-02-18 11:09:23,395:backup_app.devices.Devices_Load:DEBUG:Loading basic devices list.
2024-02-18 11:09:23,396:backup_app.devices.Devices_Load:DEBUG:Empty RAM memory.
2024-02-18 11:09:23,396:backup_app.devices.Devices_Load:INFO:Creating device objects..
2024-02-18 11:09:23,397:backup_app.devices.Cisco:DEBUG:r1.home - Creatad.
2024-02-18 11:09:23,397:backup_app.Backup:INFO:Start application.
2024-02-18 11:09:23,403:backup_app.Backup:INFO:r1.home - Trying create backup.
2024-02-18 11:09:23,403:backup_app.connections.SSH_Connection:DEBUG:r1.home - Checking if the host is responding
2024-02-18 11:09:26,473:backup_app.connections.SSH_Connection:DEBUG:r1.home - The host responds
2024-02-18 11:09:26,473:backup_app.connections.SSH_Connection:DEBUG:r1.home - Downloading the necessary commands.
2024-02-18 11:09:26,473:backup_app.devices.Cisco:DEBUG:r1.home - Returning commands.
2024-02-18 11:09:26,474:backup_app.connections.SSH_Connection:INFO:('r1.home - Trying download configuration ', 'from the device.')
2024-02-18 11:09:26,474:backup_app.connections.SSH_Connection:DEBUG:r1.home - Attempting to create an SSH connection.
2024-02-18 11:09:26,474:backup_app.connections.SSH_Connection:DEBUG:r1.home - Connecting with password.
2024-02-18 11:09:27,828:backup_app.connections.SSH_Connection:DEBUG:r1.home - Connection created.
2024-02-18 11:09:27,828:backup_app.connections.SSH_Connection:DEBUG:r1.home - Sending commands.
2024-02-18 11:09:27,992:backup_app.connections.SSH_Connection:DEBUG:r1.home - Connection completend sucessfully.
2024-02-18 11:09:27,992:backup_app.connections.SSH_Connection:DEBUG:r1.home - Filtering the configuration file.
2024-02-18 11:09:27,992:backup_app.devices.Cisco:DEBUG:r1.home - Configuration filtering.
2024-02-18 11:09:27,992:backup_app.Backup:DEBUG:r1.home - Writing config to the file.
2024-02-18 11:09:27,992:backup_app.Backup:DEBUG:r1.home - Check if the folder exist.
2024-02-18 11:09:27,993:backup_app.Backup:DEBUG:r1.home - Opening the file.
2024-02-18 11:09:27,993:backup_app.Backup:DEBUG:r1.home - Writing config.
2024-02-18 11:09:27,993:backup_app.Backup:DEBUG:r1.home - Git commands execute.
2024-02-18 11:09:27,993:backup_app.git_operations.Git:DEBUG:r1.home - Check if git repozitory exist.
2024-02-18 11:09:27,993:backup_app.git_operations.Git:DEBUG:r1.home - Repository exist.
2024-02-18 11:09:27,993:backup_app.git_operations.Git:DEBUG:r1.home - Checking status.
2024-02-18 11:09:28,001:backup_app.git_operations.Git:DEBUG:r1.home - Nothing to commmit.
2024-02-18 11:09:28,001:backup_app.git_operations.Git:INFO:r1.home - Nothing to commit.
2024-02-18 11:09:28,001:backup_app.Backup:INFO:r1.home - Backup completed.
2024-02-18 11:10:00,562:backup_app.devices.Devices_Load:DEBUG:Loading basic devices list.
2024-02-18 11:10:00,563:backup_app.devices.Devices_Load:DEBUG:Empty RAM memory.
2024-02-18 11:10:00,563:backup_app.devices.Devices_Load:INFO:Creating device objects..
2024-02-18 11:10:00,563:backup_app.devices.Cisco:DEBUG:r1.home - Creatad.
2024-02-18 11:10:00,563:backup_app.Backup:INFO:Start application.
2024-02-18 11:10:00,567:backup_app.Backup:INFO:r1.home - Trying create backup.
2024-02-18 11:10:00,568:backup_app.connections.SSH_Connection:DEBUG:r1.home - Checking if the host is responding
2024-02-18 11:10:03,655:backup_app.connections.SSH_Connection:DEBUG:r1.home - The host responds
2024-02-18 11:10:03,655:backup_app.connections.SSH_Connection:DEBUG:r1.home - Downloading the necessary commands.
2024-02-18 11:10:03,655:backup_app.devices.Cisco:DEBUG:r1.home - Returning commands.
2024-02-18 11:10:03,655:backup_app.connections.SSH_Connection:INFO:('r1.home - Trying download configuration ', 'from the device.')
2024-02-18 11:10:03,656:backup_app.connections.SSH_Connection:DEBUG:r1.home - Attempting to create an SSH connection.
2024-02-18 11:10:03,656:backup_app.connections.SSH_Connection:DEBUG:r1.home - Connecting with password.
2024-02-18 11:10:04,668:backup_app.connections.SSH_Connection:DEBUG:r1.home - Connection created.
2024-02-18 11:10:04,668:backup_app.connections.SSH_Connection:DEBUG:r1.home - Sending commands.
2024-02-18 11:10:04,812:backup_app.connections.SSH_Connection:WARNING:r1.home - Unsuported device type.
2024-02-18 11:10:04,813:backup_app.Backup:WARNING:r1.home - Unable to connect to device.
2024-02-18 11:10:49,704:backup_app.devices.Devices_Load:DEBUG:Loading basic devices list.
2024-02-18 11:10:49,705:backup_app.devices.Devices_Load:DEBUG:Empty RAM memory.
2024-02-18 11:10:49,705:backup_app.devices.Devices_Load:INFO:Creating device objects..
2024-02-18 11:10:49,705:backup_app.devices.Cisco:DEBUG:r1.home - Creatad.
2024-02-18 11:10:49,706:backup_app.Backup:INFO:Start application.
2024-02-18 11:10:49,709:backup_app.Backup:INFO:r1.home - Trying create backup.
2024-02-18 11:10:49,710:backup_app.connections.SSH_Connection:DEBUG:r1.home - Checking if the host is responding
2024-02-18 11:10:52,800:backup_app.connections.SSH_Connection:DEBUG:r1.home - The host responds
2024-02-18 11:10:52,800:backup_app.connections.SSH_Connection:DEBUG:r1.home - Downloading the necessary commands.
2024-02-18 11:10:52,800:backup_app.devices.Cisco:DEBUG:r1.home - Returning commands.
2024-02-18 11:10:52,801:backup_app.connections.SSH_Connection:INFO:('r1.home - Trying download configuration ', 'from the device.')
2024-02-18 11:10:52,801:backup_app.connections.SSH_Connection:DEBUG:r1.home - Attempting to create an SSH connection.
2024-02-18 11:10:52,801:backup_app.connections.SSH_Connection:DEBUG:r1.home - Connecting with password.
2024-02-18 11:10:53,678:backup_app.connections.SSH_Connection:DEBUG:r1.home - Connection created.
2024-02-18 11:10:53,679:backup_app.connections.SSH_Connection:DEBUG:r1.home - Sending commands.
2024-02-18 11:10:53,803:backup_app.connections.SSH_Connection:WARNING:r1.home - Unsuported device type.
2024-02-18 11:10:53,803:backup_app.Backup:WARNING:r1.home - Unable to connect to device.
2024-02-18 11:11:11,066:backup_app.devices.Devices_Load:DEBUG:Loading basic devices list.
2024-02-18 11:11:11,067:backup_app.devices.Devices_Load:DEBUG:Empty RAM memory.
2024-02-18 11:11:11,067:backup_app.devices.Devices_Load:INFO:Creating device objects..
2024-02-18 11:11:11,068:backup_app.devices.Cisco:DEBUG:r1.home - Creatad.
2024-02-18 11:11:11,068:backup_app.Backup:INFO:Start application.
2024-02-18 11:11:11,072:backup_app.Backup:INFO:r1.home - Trying create backup.
2024-02-18 11:11:11,072:backup_app.connections.SSH_Connection:DEBUG:r1.home - Checking if the host is responding
2024-02-18 11:11:14,409:backup_app.connections.SSH_Connection:DEBUG:r1.home - The host responds
2024-02-18 11:11:14,409:backup_app.connections.SSH_Connection:DEBUG:r1.home - Downloading the necessary commands.
2024-02-18 11:11:14,409:backup_app.devices.Cisco:DEBUG:r1.home - Returning commands.
2024-02-18 11:11:14,409:backup_app.connections.SSH_Connection:INFO:('r1.home - Trying download configuration ', 'from the device.')
2024-02-18 11:11:14,410:backup_app.connections.SSH_Connection:DEBUG:r1.home - Attempting to create an SSH connection.
2024-02-18 11:11:14,410:backup_app.connections.SSH_Connection:DEBUG:r1.home - Connecting with password.
2024-02-18 11:11:15,287:backup_app.connections.SSH_Connection:DEBUG:r1.home - Connection created.
2024-02-18 11:11:15,288:backup_app.connections.SSH_Connection:DEBUG:r1.home - Sending commands.
2024-02-18 11:11:15,412:backup_app.connections.SSH_Connection:WARNING:r1.home - Unsuported device type.
2024-02-18 11:11:15,412:backup_app.Backup:WARNING:r1.home - Unable to connect to device.
2024-02-18 11:11:22,104:backup_app.devices.Devices_Load:DEBUG:Loading basic devices list.
2024-02-18 11:11:22,104:backup_app.devices.Devices_Load:DEBUG:Empty RAM memory.
2024-02-18 11:11:22,105:backup_app.devices.Devices_Load:INFO:Creating device objects..
2024-02-18 11:11:22,105:backup_app.devices.Cisco:DEBUG:r1.home - Creatad.
2024-02-18 11:11:22,105:backup_app.Backup:INFO:Start application.
2024-02-18 11:11:22,109:backup_app.Backup:INFO:r1.home - Trying create backup.
2024-02-18 11:11:22,109:backup_app.connections.SSH_Connection:DEBUG:r1.home - Checking if the host is responding
2024-02-18 11:11:25,180:backup_app.connections.SSH_Connection:DEBUG:r1.home - The host responds
2024-02-18 11:11:25,181:backup_app.connections.SSH_Connection:DEBUG:r1.home - Downloading the necessary commands.
2024-02-18 11:11:25,181:backup_app.devices.Cisco:DEBUG:r1.home - Returning commands.
2024-02-18 11:11:25,181:backup_app.connections.SSH_Connection:INFO:('r1.home - Trying download configuration ', 'from the device.')
2024-02-18 11:11:25,181:backup_app.connections.SSH_Connection:DEBUG:r1.home - Attempting to create an SSH connection.
2024-02-18 11:11:25,181:backup_app.connections.SSH_Connection:DEBUG:r1.home - Connecting with password.
2024-02-18 11:11:26,076:backup_app.connections.SSH_Connection:DEBUG:r1.home - Connection created.
2024-02-18 11:11:26,076:backup_app.connections.SSH_Connection:DEBUG:r1.home - Sending commands.
2024-02-18 11:11:26,223:backup_app.connections.SSH_Connection:WARNING:r1.home - Unsuported device type.
2024-02-18 11:11:26,223:backup_app.Backup:WARNING:r1.home - Unable to connect to device.
2024-02-18 11:12:32,954:backup_app.devices.Devices_Load:DEBUG:Loading basic devices list.
2024-02-18 11:12:32,955:backup_app.devices.Devices_Load:DEBUG:Empty RAM memory.
2024-02-18 11:12:32,955:backup_app.devices.Devices_Load:INFO:Creating device objects..
2024-02-18 11:12:32,956:backup_app.devices.Cisco:DEBUG:r1.home - Creatad.
2024-02-18 11:12:32,956:backup_app.Backup:INFO:Start application.
2024-02-18 11:12:32,960:backup_app.Backup:INFO:r1.home - Trying create backup.
2024-02-18 11:12:32,960:backup_app.connections.SSH_Connection:DEBUG:r1.home - Checking if the host is responding
2024-02-18 11:12:36,005:backup_app.connections.SSH_Connection:DEBUG:r1.home - The host responds
2024-02-18 11:12:36,006:backup_app.connections.SSH_Connection:DEBUG:r1.home - Downloading the necessary commands.
2024-02-18 11:12:36,006:backup_app.devices.Cisco:DEBUG:r1.home - Returning commands.
2024-02-18 11:12:36,006:backup_app.connections.SSH_Connection:INFO:('r1.home - Trying download configuration ', 'from the device.')
2024-02-18 11:12:36,006:backup_app.connections.SSH_Connection:DEBUG:r1.home - Attempting to create an SSH connection.
2024-02-18 11:12:36,006:backup_app.connections.SSH_Connection:DEBUG:r1.home - Connecting with password.
2024-02-18 11:12:36,662:backup_app.connections.SSH_Connection:DEBUG:r1.home - Connection created.
2024-02-18 11:12:36,663:backup_app.connections.SSH_Connection:DEBUG:r1.home - Sending commands.
2024-02-18 11:12:36,796:backup_app.connections.SSH_Connection:WARNING:r1.home - Unsuported device type.
2024-02-18 11:12:36,796:backup_app.Backup:WARNING:r1.home - Unable to connect to device.
2024-02-18 11:12:40,901:backup_app.devices.Devices_Load:DEBUG:Loading basic devices list.
2024-02-18 11:12:40,902:backup_app.devices.Devices_Load:DEBUG:Empty RAM memory.
2024-02-18 11:12:40,902:backup_app.devices.Devices_Load:INFO:Creating device objects..
2024-02-18 11:12:40,903:backup_app.devices.Cisco:DEBUG:r1.home - Creatad.
2024-02-18 11:12:40,903:backup_app.Backup:INFO:Start application.
2024-02-18 11:12:40,907:backup_app.Backup:INFO:r1.home - Trying create backup.
2024-02-18 11:12:40,908:backup_app.connections.SSH_Connection:DEBUG:r1.home - Checking if the host is responding
2024-02-18 11:12:43,992:backup_app.connections.SSH_Connection:DEBUG:r1.home - The host responds
2024-02-18 11:12:43,993:backup_app.connections.SSH_Connection:DEBUG:r1.home - Downloading the necessary commands.
2024-02-18 11:12:43,993:backup_app.devices.Cisco:DEBUG:r1.home - Returning commands.
2024-02-18 11:12:43,993:backup_app.connections.SSH_Connection:INFO:('r1.home - Trying download configuration ', 'from the device.')
2024-02-18 11:12:43,993:backup_app.connections.SSH_Connection:DEBUG:r1.home - Attempting to create an SSH connection.
2024-02-18 11:12:43,993:backup_app.connections.SSH_Connection:DEBUG:r1.home - Connecting with password.
2024-02-18 11:12:44,844:backup_app.connections.SSH_Connection:DEBUG:r1.home - Connection created.
2024-02-18 11:12:44,844:backup_app.connections.SSH_Connection:DEBUG:r1.home - Sending commands.
2024-02-18 11:15:04,761:backup_app.devices.Devices_Load:DEBUG:Loading basic devices list.
2024-02-18 11:15:04,762:backup_app.devices.Devices_Load:DEBUG:Empty RAM memory.
2024-02-18 11:15:04,762:backup_app.devices.Devices_Load:INFO:Creating device objects..
2024-02-18 11:15:04,763:backup_app.devices.Cisco:DEBUG:r1.home - Creatad.
2024-02-18 11:15:04,763:backup_app.Backup:INFO:Start application.
2024-02-18 11:15:04,767:backup_app.Backup:INFO:r1.home - Trying create backup.
2024-02-18 11:15:04,767:backup_app.connections.SSH_Connection:DEBUG:r1.home - Checking if the host is responding
2024-02-18 11:15:07,809:backup_app.connections.SSH_Connection:DEBUG:r1.home - The host responds
2024-02-18 11:15:07,809:backup_app.connections.SSH_Connection:DEBUG:r1.home - Downloading the necessary commands.
2024-02-18 11:15:07,809:backup_app.devices.Cisco:DEBUG:r1.home - Returning commands.
2024-02-18 11:15:07,809:backup_app.connections.SSH_Connection:INFO:('r1.home - Trying download configuration ', 'from the device.')
2024-02-18 11:15:07,809:backup_app.connections.SSH_Connection:DEBUG:r1.home - Attempting to create an SSH connection.
2024-02-18 11:15:07,809:backup_app.connections.SSH_Connection:DEBUG:r1.home - Connecting with password.
2024-02-18 11:15:09,111:backup_app.connections.SSH_Connection:DEBUG:r1.home - Connection created.
2024-02-18 11:15:09,112:backup_app.connections.SSH_Connection:DEBUG:r1.home - Sending commands.
2024-02-18 11:16:45,595:backup_app.devices.Devices_Load:DEBUG:Loading basic devices list.
2024-02-18 11:16:54,865:backup_app.devices.Devices_Load:DEBUG:Loading basic devices list.
2024-02-18 11:16:54,866:backup_app.devices.Devices_Load:DEBUG:Empty RAM memory.
2024-02-18 11:16:54,866:backup_app.devices.Devices_Load:INFO:Creating device objects..
2024-02-18 11:16:54,866:backup_app.devices.Cisco:DEBUG:r1.home - Creatad.
2024-02-18 11:17:22,043:backup_app.devices.Devices_Load:DEBUG:Loading basic devices list.
2024-02-18 11:17:22,044:backup_app.devices.Devices_Load:DEBUG:Empty RAM memory.
2024-02-18 11:17:22,045:backup_app.devices.Devices_Load:INFO:Creating device objects..
2024-02-18 11:17:22,045:backup_app.devices.Cisco:DEBUG:r1.home - Creatad.
2024-02-18 11:21:04,165:backup_app.devices.Devices_Load:DEBUG:Loading basic devices list.
2024-02-18 11:21:04,166:backup_app.devices.Devices_Load:DEBUG:Empty RAM memory.
2024-02-18 11:21:04,166:backup_app.devices.Devices_Load:INFO:Creating device objects..
2024-02-18 11:21:04,167:backup_app.devices.Cisco:DEBUG:r1.home - Creatad.
2024-02-18 11:21:04,167:backup_app.devices.Mikrotik:DEBUG:r3.home - Creatad.
2024-02-18 11:21:04,167:backup_app.Backup:INFO:Start application.
2024-02-18 11:21:04,173:backup_app.Backup:INFO:r1.home - Trying create backup.
2024-02-18 11:21:04,174:backup_app.connections.SSH_Connection:DEBUG:r1.home - Checking if the host is responding
2024-02-18 11:21:04,176:backup_app.Backup:INFO:r3.home - Trying create backup.
2024-02-18 11:21:04,176:backup_app.connections.SSH_Connection:DEBUG:r3.home - Checking if the host is responding
2024-02-18 11:21:07,220:backup_app.connections.SSH_Connection:DEBUG:r3.home - The host responds
2024-02-18 11:21:07,220:backup_app.connections.SSH_Connection:DEBUG:r3.home - Downloading the necessary commands.
2024-02-18 11:21:07,221:backup_app.devices.Mikrotik:DEBUG:r3.home - Returning commands.
2024-02-18 11:21:07,221:backup_app.connections.SSH_Connection:INFO:('r3.home - Trying download configuration ', 'from the device.')
2024-02-18 11:21:07,221:backup_app.connections.SSH_Connection:DEBUG:r3.home - Attempting to create an SSH connection.
2024-02-18 11:21:07,221:backup_app.connections.SSH_Connection:DEBUG:r3.home - Connecting with password.
2024-02-18 11:21:07,243:backup_app.connections.SSH_Connection:DEBUG:r1.home - The host responds
2024-02-18 11:21:07,244:backup_app.connections.SSH_Connection:DEBUG:r1.home - Downloading the necessary commands.
2024-02-18 11:21:07,244:backup_app.devices.Cisco:DEBUG:r1.home - Returning commands.
2024-02-18 11:21:07,244:backup_app.connections.SSH_Connection:INFO:('r1.home - Trying download configuration ', 'from the device.')
2024-02-18 11:21:07,244:backup_app.connections.SSH_Connection:DEBUG:r1.home - Attempting to create an SSH connection.
2024-02-18 11:21:07,244:backup_app.connections.SSH_Connection:DEBUG:r1.home - Connecting with password.
2024-02-18 11:21:27,350:backup_app.devices.Devices_Load:DEBUG:Loading basic devices list.
2024-02-18 11:21:27,351:backup_app.devices.Devices_Load:DEBUG:Empty RAM memory.
2024-02-18 11:21:27,351:backup_app.devices.Devices_Load:INFO:Creating device objects..
2024-02-18 11:21:27,351:backup_app.devices.Cisco:DEBUG:r1.home - Creatad.
2024-02-18 11:21:27,351:backup_app.devices.Mikrotik:DEBUG:r3.home - Creatad.
2024-02-18 11:21:27,352:backup_app.Backup:INFO:Start application.
2024-02-18 11:21:27,356:backup_app.Backup:INFO:r1.home - Trying create backup.
2024-02-18 11:21:27,356:backup_app.Backup:INFO:r3.home - Trying create backup.
2024-02-18 11:21:27,357:backup_app.connections.SSH_Connection:DEBUG:r1.home - Checking if the host is responding
2024-02-18 11:21:27,357:backup_app.connections.SSH_Connection:DEBUG:r3.home - Checking if the host is responding
2024-02-18 11:21:30,567:backup_app.connections.SSH_Connection:DEBUG:r1.home - The host responds
2024-02-18 11:21:30,567:backup_app.connections.SSH_Connection:DEBUG:r1.home - Downloading the necessary commands.
2024-02-18 11:21:30,567:backup_app.devices.Cisco:DEBUG:r1.home - Returning commands.
2024-02-18 11:21:30,568:backup_app.connections.SSH_Connection:DEBUG:r3.home - The host responds
2024-02-18 11:21:30,568:backup_app.connections.SSH_Connection:INFO:('r1.home - Trying download configuration ', 'from the device.')
2024-02-18 11:21:30,568:backup_app.connections.SSH_Connection:DEBUG:r3.home - Downloading the necessary commands.
2024-02-18 11:21:30,568:backup_app.connections.SSH_Connection:DEBUG:r1.home - Attempting to create an SSH connection.
2024-02-18 11:21:30,569:backup_app.devices.Mikrotik:DEBUG:r3.home - Returning commands.
2024-02-18 11:21:30,569:backup_app.connections.SSH_Connection:DEBUG:r1.home - Connecting with password.
2024-02-18 11:21:30,569:backup_app.connections.SSH_Connection:INFO:('r3.home - Trying download configuration ', 'from the device.')
2024-02-18 11:21:30,570:backup_app.connections.SSH_Connection:DEBUG:r3.home - Attempting to create an SSH connection.
2024-02-18 11:21:30,570:backup_app.connections.SSH_Connection:DEBUG:r3.home - Connecting with password.
2024-02-18 11:21:31,382:backup_app.connections.SSH_Connection:DEBUG:r3.home - Connection created.
2024-02-18 11:21:31,382:backup_app.connections.SSH_Connection:DEBUG:r3.home - Sending commands.
2024-02-18 11:21:31,471:backup_app.connections.SSH_Connection:DEBUG:r3.home - Connection completend sucessfully.
2024-02-18 11:21:31,472:backup_app.connections.SSH_Connection:DEBUG:r3.home - Filtering the configuration file.
2024-02-18 11:21:31,472:backup_app.devices.Mikrotik:DEBUG:r3.home - Configuration filtering.
2024-02-18 11:21:31,472:backup_app.devices.Mikrotik:INFO:r3.home - Skiping line '# feb/18/2024 10:21:31 by RouterOS 6.49.7'.
2024-02-18 11:21:31,472:backup_app.devices.Mikrotik:INFO:r3.home - Skiping line '# software id = '.
2024-02-18 11:21:31,472:backup_app.devices.Mikrotik:INFO:r3.home - Skiping line '#'.
2024-02-18 11:21:31,472:backup_app.devices.Mikrotik:INFO:r3.home - Skiping line '#'.
2024-02-18 11:21:31,472:backup_app.devices.Mikrotik:INFO:r3.home - Skiping line '#'.
2024-02-18 11:21:31,472:backup_app.Backup:DEBUG:r3.home - Writing config to the file.
2024-02-18 11:21:31,473:backup_app.Backup:DEBUG:r3.home - Check if the folder exist.
2024-02-18 11:21:31,473:backup_app.Backup:INFO:("r3.home - The folder doesn't exist ", "or account doesn't have permissions.")
2024-02-18 11:21:31,473:backup_app.Backup:INFO:r3.home - Creating a folder.
2024-02-18 11:21:31,473:backup_app.Backup:DEBUG:r3.home - Opening the file.
2024-02-18 11:21:31,474:backup_app.Backup:DEBUG:r3.home - Writing config.
2024-02-18 11:21:31,475:backup_app.Backup:DEBUG:r3.home - Git commands execute.
2024-02-18 11:21:31,475:backup_app.git_operations.Git:DEBUG:r3.home - Check if git repozitory exist.
2024-02-18 11:21:31,475:backup_app.git_operations.Git:DEBUG:r3.home - Repozitory don't exist.
2024-02-18 11:21:31,475:backup_app.git_operations.Git:DEBUG:r3.home - Creating repozitory.
2024-02-18 11:21:31,482:backup_app.git_operations.Git:DEBUG:r3.home - Adding file to repozitory.
2024-02-18 11:21:31,483:backup_app.git_operations.Git:DEBUG:r3.home - Checking status.
2024-02-18 11:21:31,487:backup_app.git_operations.Git:DEBUG:r3.home - The file added to repozitory.
2024-02-18 11:21:31,487:backup_app.git_operations.Git:DEBUG:r3.home - Status correct after create git for.
2024-02-18 11:21:31,488:backup_app.git_operations.Git:DEBUG:r3.home - Checking status.
2024-02-18 11:21:31,492:backup_app.git_operations.Git:DEBUG:r3.home - The file added to repozitory.
2024-02-18 11:21:31,492:backup_app.git_operations.Git:INFO:r3.home - File modify.
2024-02-18 11:21:31,492:backup_app.git_operations.Git:INFO:r3.home - Commiting repository.
2024-02-18 11:21:31,502:backup_app.git_operations.Git:INFO:r3.home - Commited.
2024-02-18 11:21:31,503:backup_app.Backup:INFO:r3.home - Backup completed.
2024-02-18 11:21:31,730:backup_app.connections.SSH_Connection:DEBUG:r1.home - Connection created.
2024-02-18 11:21:31,731:backup_app.connections.SSH_Connection:DEBUG:r1.home - Sending commands.
2024-02-18 11:21:50,805:backup_app.devices.Devices_Load:DEBUG:Loading basic devices list.
2024-02-18 11:21:50,805:backup_app.devices.Devices_Load:DEBUG:Empty RAM memory.
2024-02-18 11:21:50,805:backup_app.devices.Devices_Load:INFO:Creating device objects..
2024-02-18 11:21:50,806:backup_app.devices.Cisco:DEBUG:r1.home - Creatad.
2024-02-18 11:21:50,806:backup_app.devices.Mikrotik:DEBUG:r3.home - Creatad.
2024-02-18 11:21:50,806:backup_app.Backup:INFO:Start application.
2024-02-18 11:21:50,811:backup_app.Backup:INFO:r1.home - Trying create backup.
2024-02-18 11:21:50,812:backup_app.connections.SSH_Connection:DEBUG:r1.home - Checking if the host is responding
2024-02-18 11:21:50,813:backup_app.Backup:INFO:r3.home - Trying create backup.
2024-02-18 11:21:50,813:backup_app.connections.SSH_Connection:DEBUG:r3.home - Checking if the host is responding
2024-02-18 11:21:53,855:backup_app.connections.SSH_Connection:DEBUG:r1.home - The host responds
2024-02-18 11:21:53,855:backup_app.connections.SSH_Connection:DEBUG:r3.home - The host responds
2024-02-18 11:21:53,855:backup_app.connections.SSH_Connection:DEBUG:r1.home - Downloading the necessary commands.
2024-02-18 11:21:53,856:backup_app.connections.SSH_Connection:DEBUG:r3.home - Downloading the necessary commands.
2024-02-18 11:21:53,856:backup_app.devices.Cisco:DEBUG:r1.home - Returning commands.
2024-02-18 11:21:53,856:backup_app.devices.Mikrotik:DEBUG:r3.home - Returning commands.
2024-02-18 11:21:53,857:backup_app.connections.SSH_Connection:INFO:('r1.home - Trying download configuration ', 'from the device.')
2024-02-18 11:21:53,857:backup_app.connections.SSH_Connection:INFO:('r3.home - Trying download configuration ', 'from the device.')
2024-02-18 11:21:53,857:backup_app.connections.SSH_Connection:DEBUG:r1.home - Attempting to create an SSH connection.
2024-02-18 11:21:53,857:backup_app.connections.SSH_Connection:DEBUG:r3.home - Attempting to create an SSH connection.
2024-02-18 11:21:53,858:backup_app.connections.SSH_Connection:DEBUG:r1.home - Connecting with password.
2024-02-18 11:21:53,858:backup_app.connections.SSH_Connection:DEBUG:r3.home - Connecting with password.
2024-02-18 11:21:54,431:backup_app.connections.SSH_Connection:DEBUG:r3.home - Connection created.
2024-02-18 11:21:54,431:backup_app.connections.SSH_Connection:DEBUG:r3.home - Sending commands.
2024-02-18 11:21:54,529:backup_app.connections.SSH_Connection:DEBUG:r3.home - Connection completend sucessfully.
2024-02-18 11:21:54,530:backup_app.connections.SSH_Connection:DEBUG:r3.home - Filtering the configuration file.
2024-02-18 11:21:54,530:backup_app.devices.Mikrotik:DEBUG:r3.home - Configuration filtering.
2024-02-18 11:21:54,530:backup_app.devices.Mikrotik:INFO:r3.home - Skiping line '# feb/18/2024 10:21:54 by RouterOS 6.49.7'.
2024-02-18 11:21:54,530:backup_app.devices.Mikrotik:INFO:r3.home - Skiping line '# software id = '.
2024-02-18 11:21:54,530:backup_app.devices.Mikrotik:INFO:r3.home - Skiping line '#'.
2024-02-18 11:21:54,530:backup_app.devices.Mikrotik:INFO:r3.home - Skiping line '#'.
2024-02-18 11:21:54,530:backup_app.devices.Mikrotik:INFO:r3.home - Skiping line '#'.
2024-02-18 11:21:54,530:backup_app.Backup:DEBUG:r3.home - Writing config to the file.
2024-02-18 11:21:54,531:backup_app.Backup:DEBUG:r3.home - Check if the folder exist.
2024-02-18 11:21:54,531:backup_app.Backup:DEBUG:r3.home - Opening the file.
2024-02-18 11:21:54,531:backup_app.Backup:DEBUG:r3.home - Writing config.
2024-02-18 11:21:54,531:backup_app.Backup:DEBUG:r3.home - Git commands execute.
2024-02-18 11:21:54,532:backup_app.git_operations.Git:DEBUG:r3.home - Check if git repozitory exist.
2024-02-18 11:21:54,532:backup_app.git_operations.Git:DEBUG:r3.home - Repository exist.
2024-02-18 11:21:54,532:backup_app.git_operations.Git:DEBUG:r3.home - Checking status.
2024-02-18 11:21:54,537:backup_app.git_operations.Git:DEBUG:r3.home - Nothing to commmit.
2024-02-18 11:21:54,538:backup_app.git_operations.Git:INFO:r3.home - Nothing to commit.
2024-02-18 11:21:54,538:backup_app.Backup:INFO:r3.home - Backup completed.
2024-02-18 11:21:54,734:backup_app.connections.SSH_Connection:DEBUG:r1.home - Connection created.
2024-02-18 11:21:54,735:backup_app.connections.SSH_Connection:DEBUG:r1.home - Sending commands.
2024-02-18 11:22:13,606:backup_app.connections.SSH_Connection:WARNING:('r1.home - Failed enter enable mode. ', 'Check password.')
2024-02-18 11:22:13,608:backup_app.Backup:WARNING:r1.home - Unable to connect to device.
2024-02-18 11:23:25,081:backup_app.devices.Devices_Load:DEBUG:Loading basic devices list.
2024-02-18 11:23:25,082:backup_app.devices.Devices_Load:DEBUG:Empty RAM memory.
2024-02-18 11:23:25,082:backup_app.devices.Devices_Load:INFO:Creating device objects..
2024-02-18 11:23:25,082:backup_app.devices.Cisco:DEBUG:r1.home - Creatad.
2024-02-18 11:23:25,082:backup_app.devices.Mikrotik:DEBUG:r3.home - Creatad.
2024-02-18 11:23:25,083:backup_app.Backup:INFO:Start application.
2024-02-18 11:23:25,087:backup_app.Backup:INFO:r1.home - Trying create backup.
2024-02-18 11:23:25,088:backup_app.connections.SSH_Connection:DEBUG:r1.home - Checking if the host is responding
2024-02-18 11:23:25,089:backup_app.Backup:INFO:r3.home - Trying create backup.
2024-02-18 11:23:25,090:backup_app.connections.SSH_Connection:DEBUG:r3.home - Checking if the host is responding
2024-02-18 11:23:28,138:backup_app.connections.SSH_Connection:DEBUG:r1.home - The host responds
2024-02-18 11:23:28,138:backup_app.connections.SSH_Connection:DEBUG:r1.home - Downloading the necessary commands.
2024-02-18 11:23:28,139:backup_app.devices.Cisco:DEBUG:r1.home - Returning commands.
2024-02-18 11:23:28,139:backup_app.connections.SSH_Connection:INFO:('r1.home - Trying download configuration ', 'from the device.')
2024-02-18 11:23:28,139:backup_app.connections.SSH_Connection:DEBUG:r1.home - Attempting to create an SSH connection.
2024-02-18 11:23:28,139:backup_app.connections.SSH_Connection:DEBUG:r1.home - Connecting with password.
2024-02-18 11:23:28,151:backup_app.connections.SSH_Connection:DEBUG:r3.home - The host responds
2024-02-18 11:23:28,152:backup_app.connections.SSH_Connection:DEBUG:r3.home - Downloading the necessary commands.
2024-02-18 11:23:28,152:backup_app.devices.Mikrotik:DEBUG:r3.home - Returning commands.
2024-02-18 11:23:28,152:backup_app.connections.SSH_Connection:INFO:('r3.home - Trying download configuration ', 'from the device.')
2024-02-18 11:23:28,152:backup_app.connections.SSH_Connection:DEBUG:r3.home - Attempting to create an SSH connection.
2024-02-18 11:23:28,152:backup_app.connections.SSH_Connection:DEBUG:r3.home - Connecting with password.
2024-02-18 11:23:28,571:backup_app.connections.SSH_Connection:DEBUG:r3.home - Connection created.
2024-02-18 11:23:28,572:backup_app.connections.SSH_Connection:DEBUG:r3.home - Sending commands.
2024-02-18 11:23:28,662:backup_app.connections.SSH_Connection:DEBUG:r3.home - Connection completend sucessfully.
2024-02-18 11:23:28,662:backup_app.connections.SSH_Connection:DEBUG:r3.home - Filtering the configuration file.
2024-02-18 11:23:28,662:backup_app.devices.Mikrotik:DEBUG:r3.home - Configuration filtering.
2024-02-18 11:23:28,662:backup_app.devices.Mikrotik:INFO:r3.home - Skiping line '# feb/18/2024 10:23:28 by RouterOS 6.49.7'.
2024-02-18 11:23:28,662:backup_app.devices.Mikrotik:INFO:r3.home - Skiping line '# software id = '.
2024-02-18 11:23:28,662:backup_app.devices.Mikrotik:INFO:r3.home - Skiping line '#'.
2024-02-18 11:23:28,663:backup_app.devices.Mikrotik:INFO:r3.home - Skiping line '#'.
2024-02-18 11:23:28,663:backup_app.devices.Mikrotik:INFO:r3.home - Skiping line '#'.
2024-02-18 11:23:28,663:backup_app.Backup:DEBUG:r3.home - Writing config to the file.
2024-02-18 11:23:28,663:backup_app.Backup:DEBUG:r3.home - Check if the folder exist.
2024-02-18 11:23:28,663:backup_app.Backup:DEBUG:r3.home - Opening the file.
2024-02-18 11:23:28,663:backup_app.Backup:DEBUG:r3.home - Writing config.
2024-02-18 11:23:28,664:backup_app.Backup:DEBUG:r3.home - Git commands execute.
2024-02-18 11:23:28,664:backup_app.git_operations.Git:DEBUG:r3.home - Check if git repozitory exist.
2024-02-18 11:23:28,664:backup_app.git_operations.Git:DEBUG:r3.home - Repository exist.
2024-02-18 11:23:28,664:backup_app.git_operations.Git:DEBUG:r3.home - Checking status.
2024-02-18 11:23:28,668:backup_app.git_operations.Git:DEBUG:r3.home - Nothing to commmit.
2024-02-18 11:23:28,668:backup_app.git_operations.Git:INFO:r3.home - Nothing to commit.
2024-02-18 11:23:28,668:backup_app.Backup:INFO:r3.home - Backup completed.
2024-02-18 11:23:29,013:backup_app.connections.SSH_Connection:DEBUG:r1.home - Connection created.
2024-02-18 11:23:29,013:backup_app.connections.SSH_Connection:DEBUG:r1.home - Sending commands.
2024-02-18 11:24:02,800:backup_app.connections.SSH_Connection:WARNING:('r1.home - Failed enter enable mode. ', 'Check password.')
2024-02-18 11:24:02,800:backup_app.Backup:WARNING:r1.home - Unable to connect to device.
2024-02-18 11:31:26,903:backup_app.devices.Devices_Load:DEBUG:Loading basic devices list.
2024-02-18 11:31:26,904:backup_app.devices.Devices_Load:DEBUG:Empty RAM memory.
2024-02-18 11:31:26,904:backup_app.devices.Devices_Load:INFO:Creating device objects..
2024-02-18 11:31:26,905:backup_app.devices.Cisco:DEBUG:r1.home - Creatad.
2024-02-18 11:31:26,905:backup_app.devices.Mikrotik:DEBUG:r3.home - Creatad.
2024-02-18 11:31:26,905:backup_app.Backup:INFO:Start application.
2024-02-18 11:31:26,909:backup_app.Backup:INFO:r1.home - Trying create backup.
2024-02-18 11:31:26,909:backup_app.connections.SSH_Connection:DEBUG:r1.home - Checking if the host is responding
2024-02-18 11:31:26,911:backup_app.Backup:INFO:r3.home - Trying create backup.
2024-02-18 11:31:26,911:backup_app.connections.SSH_Connection:DEBUG:r3.home - Checking if the host is responding
2024-02-18 11:31:29,955:backup_app.connections.SSH_Connection:DEBUG:r3.home - The host responds
2024-02-18 11:31:29,955:backup_app.connections.SSH_Connection:DEBUG:r3.home - Downloading the necessary commands.
2024-02-18 11:31:29,956:backup_app.devices.Mikrotik:DEBUG:r3.home - Returning commands.
2024-02-18 11:31:29,956:backup_app.connections.SSH_Connection:INFO:('r3.home - Trying download configuration ', 'from the device.')
2024-02-18 11:31:29,956:backup_app.connections.SSH_Connection:DEBUG:r3.home - Attempting to create an SSH connection.
2024-02-18 11:31:29,956:backup_app.connections.SSH_Connection:DEBUG:r3.home - Connecting with password.
2024-02-18 11:31:29,979:backup_app.connections.SSH_Connection:DEBUG:r1.home - The host responds
2024-02-18 11:31:29,980:backup_app.connections.SSH_Connection:DEBUG:r1.home - Downloading the necessary commands.
2024-02-18 11:31:29,980:backup_app.devices.Cisco:DEBUG:r1.home - Returning commands.
2024-02-18 11:31:29,980:backup_app.connections.SSH_Connection:INFO:('r1.home - Trying download configuration ', 'from the device.')
2024-02-18 11:31:29,980:backup_app.connections.SSH_Connection:DEBUG:r1.home - Attempting to create an SSH connection.
2024-02-18 11:31:29,980:backup_app.connections.SSH_Connection:DEBUG:r1.home - Connecting with password.
2024-02-18 11:31:30,592:backup_app.connections.SSH_Connection:DEBUG:r3.home - Connection created.
2024-02-18 11:31:30,592:backup_app.connections.SSH_Connection:DEBUG:r3.home - Sending commands.
2024-02-18 11:31:30,688:backup_app.connections.SSH_Connection:DEBUG:r3.home - Connection completend sucessfully.
2024-02-18 11:31:30,701:backup_app.connections.SSH_Connection:DEBUG:r3.home - Filtering the configuration file.
2024-02-18 11:31:30,702:backup_app.devices.Mikrotik:DEBUG:r3.home - Configuration filtering.
2024-02-18 11:31:30,702:backup_app.devices.Mikrotik:INFO:r3.home - Skiping line '# feb/18/2024 10:31:30 by RouterOS 6.49.7'.
2024-02-18 11:31:30,703:backup_app.devices.Mikrotik:INFO:r3.home - Skiping line '# software id = '.
2024-02-18 11:31:30,703:backup_app.devices.Mikrotik:INFO:r3.home - Skiping line '#'.
2024-02-18 11:31:30,703:backup_app.devices.Mikrotik:INFO:r3.home - Skiping line '#'.
2024-02-18 11:31:30,703:backup_app.devices.Mikrotik:INFO:r3.home - Skiping line '#'.
2024-02-18 11:31:30,703:backup_app.Backup:DEBUG:r3.home - Writing config to the file.
2024-02-18 11:31:30,703:backup_app.Backup:DEBUG:r3.home - Check if the folder exist.
2024-02-18 11:31:30,703:backup_app.Backup:DEBUG:r3.home - Opening the file.
2024-02-18 11:31:30,704:backup_app.Backup:DEBUG:r3.home - Writing config.
2024-02-18 11:31:30,704:backup_app.Backup:DEBUG:r3.home - Git commands execute.
2024-02-18 11:31:30,704:backup_app.git_operations.Git:DEBUG:r3.home - Check if git repozitory exist.
2024-02-18 11:31:30,704:backup_app.git_operations.Git:DEBUG:r3.home - Repository exist.
2024-02-18 11:31:30,704:backup_app.git_operations.Git:DEBUG:r3.home - Checking status.
2024-02-18 11:31:30,709:backup_app.git_operations.Git:DEBUG:r3.home - Nothing to commmit.
2024-02-18 11:31:30,709:backup_app.git_operations.Git:INFO:r3.home - Nothing to commit.
2024-02-18 11:31:30,709:backup_app.Backup:INFO:r3.home - Backup completed.
2024-02-18 11:31:30,946:backup_app.connections.SSH_Connection:DEBUG:r1.home - Connection created.
2024-02-18 11:31:30,946:backup_app.connections.SSH_Connection:DEBUG:r1.home - Sending commands.
2024-02-18 11:35:33,837:backup_app.devices.Devices_Load:DEBUG:Loading basic devices list.
2024-02-18 11:35:33,838:backup_app.devices.Devices_Load:DEBUG:Empty RAM memory.
2024-02-18 11:35:33,838:backup_app.devices.Devices_Load:INFO:Creating device objects..
2024-02-18 11:35:33,839:backup_app.devices.Cisco:DEBUG:r1.home - Creatad.
2024-02-18 11:35:33,839:backup_app.devices.Mikrotik:DEBUG:r3.home - Creatad.
2024-02-18 11:35:33,839:backup_app.Backup:INFO:Start application.
2024-02-18 11:35:33,844:backup_app.Backup:INFO:r1.home - Trying create backup.
2024-02-18 11:35:33,844:backup_app.connections.SSH_Connection:DEBUG:r1.home - Checking if the host is responding
2024-02-18 11:35:33,845:backup_app.Backup:INFO:r3.home - Trying create backup.
2024-02-18 11:35:33,845:backup_app.connections.SSH_Connection:DEBUG:r3.home - Checking if the host is responding
2024-02-18 11:35:36,887:backup_app.connections.SSH_Connection:DEBUG:r3.home - The host responds
2024-02-18 11:35:36,887:backup_app.connections.SSH_Connection:DEBUG:r3.home - Downloading the necessary commands.
2024-02-18 11:35:36,887:backup_app.devices.Mikrotik:DEBUG:r3.home - Returning commands.
2024-02-18 11:35:36,887:backup_app.connections.SSH_Connection:INFO:('r3.home - Trying download configuration ', 'from the device.')
2024-02-18 11:35:36,888:backup_app.connections.SSH_Connection:DEBUG:r3.home - Attempting to create an SSH connection.
2024-02-18 11:35:36,888:backup_app.connections.SSH_Connection:DEBUG:r3.home - Connecting with password.
2024-02-18 11:35:36,914:backup_app.connections.SSH_Connection:DEBUG:r1.home - The host responds
2024-02-18 11:35:36,915:backup_app.connections.SSH_Connection:DEBUG:r1.home - Downloading the necessary commands.
2024-02-18 11:35:36,915:backup_app.devices.Cisco:DEBUG:r1.home - Returning commands.
2024-02-18 11:35:36,915:backup_app.connections.SSH_Connection:INFO:('r1.home - Trying download configuration ', 'from the device.')
2024-02-18 11:35:36,915:backup_app.connections.SSH_Connection:DEBUG:r1.home - Attempting to create an SSH connection.
2024-02-18 11:35:36,915:backup_app.connections.SSH_Connection:DEBUG:r1.home - Connecting with password.
2024-02-18 11:35:37,334:backup_app.connections.SSH_Connection:DEBUG:r3.home - Connection created.
2024-02-18 11:35:37,335:backup_app.connections.SSH_Connection:DEBUG:r3.home - Sending commands.
2024-02-18 11:35:37,423:backup_app.connections.SSH_Connection:DEBUG:r3.home - Connection completend sucessfully.
2024-02-18 11:35:37,423:backup_app.connections.SSH_Connection:DEBUG:r3.home - Filtering the configuration file.
2024-02-18 11:35:37,424:backup_app.devices.Mikrotik:DEBUG:r3.home - Configuration filtering.
2024-02-18 11:35:37,424:backup_app.devices.Mikrotik:INFO:r3.home - Skiping line '# feb/18/2024 10:35:37 by RouterOS 6.49.7'.
2024-02-18 11:35:37,424:backup_app.devices.Mikrotik:INFO:r3.home - Skiping line '# software id = '.
2024-02-18 11:35:37,424:backup_app.devices.Mikrotik:INFO:r3.home - Skiping line '#'.
2024-02-18 11:35:37,424:backup_app.devices.Mikrotik:INFO:r3.home - Skiping line '#'.
2024-02-18 11:35:37,424:backup_app.devices.Mikrotik:INFO:r3.home - Skiping line '#'.
2024-02-18 11:35:37,424:backup_app.Backup:DEBUG:r3.home - Writing config to the file.
2024-02-18 11:35:37,424:backup_app.Backup:DEBUG:r3.home - Check if the folder exist.
2024-02-18 11:35:37,424:backup_app.Backup:DEBUG:r3.home - Opening the file.
2024-02-18 11:35:37,425:backup_app.Backup:DEBUG:r3.home - Writing config.
2024-02-18 11:35:37,425:backup_app.Backup:DEBUG:r3.home - Git commands execute.
2024-02-18 11:35:37,425:backup_app.git_operations.Git:DEBUG:r3.home - Check if git repozitory exist.
2024-02-18 11:35:37,425:backup_app.git_operations.Git:DEBUG:r3.home - Repository exist.
2024-02-18 11:35:37,425:backup_app.git_operations.Git:DEBUG:r3.home - Checking status.
2024-02-18 11:35:37,430:backup_app.git_operations.Git:DEBUG:r3.home - Nothing to commmit.
2024-02-18 11:35:37,430:backup_app.git_operations.Git:INFO:r3.home - Nothing to commit.
2024-02-18 11:35:37,431:backup_app.Backup:INFO:r3.home - Backup completed.
2024-02-18 11:35:37,804:backup_app.connections.SSH_Connection:DEBUG:r1.home - Connection created.
2024-02-18 11:35:37,804:backup_app.connections.SSH_Connection:DEBUG:r1.home - Sending commands.
2024-02-18 11:35:44,049:backup_app.devices.Devices_Load:DEBUG:Loading basic devices list.
2024-02-18 11:35:44,050:backup_app.devices.Devices_Load:DEBUG:Empty RAM memory.
2024-02-18 11:35:44,051:backup_app.devices.Devices_Load:INFO:Creating device objects..
2024-02-18 11:35:44,051:backup_app.devices.Cisco:DEBUG:r1.home - Creatad.
2024-02-18 11:35:44,052:backup_app.devices.Mikrotik:DEBUG:r3.home - Creatad.
2024-02-18 11:35:44,052:backup_app.Backup:INFO:Start application.
2024-02-18 11:35:44,057:backup_app.Backup:INFO:r1.home - Trying create backup.
2024-02-18 11:35:44,058:backup_app.connections.SSH_Connection:DEBUG:r1.home - Checking if the host is responding
2024-02-18 11:35:44,059:backup_app.Backup:INFO:r3.home - Trying create backup.
2024-02-18 11:35:44,059:backup_app.connections.SSH_Connection:DEBUG:r3.home - Checking if the host is responding
2024-02-18 11:35:47,098:backup_app.connections.SSH_Connection:DEBUG:r1.home - The host responds
2024-02-18 11:35:47,098:backup_app.connections.SSH_Connection:DEBUG:r1.home - Downloading the necessary commands.
2024-02-18 11:35:47,098:backup_app.devices.Cisco:DEBUG:r1.home - Returning commands.
2024-02-18 11:35:47,099:backup_app.connections.SSH_Connection:INFO:('r1.home - Trying download configuration ', 'from the device.')
2024-02-18 11:35:47,099:backup_app.connections.SSH_Connection:DEBUG:r1.home - Attempting to create an SSH connection.
2024-02-18 11:35:47,099:backup_app.connections.SSH_Connection:DEBUG:r1.home - Connecting with password.
2024-02-18 11:35:47,107:backup_app.connections.SSH_Connection:DEBUG:r3.home - The host responds
2024-02-18 11:35:47,108:backup_app.connections.SSH_Connection:DEBUG:r3.home - Downloading the necessary commands.
2024-02-18 11:35:47,108:backup_app.devices.Mikrotik:DEBUG:r3.home - Returning commands.
2024-02-18 11:35:47,108:backup_app.connections.SSH_Connection:INFO:('r3.home - Trying download configuration ', 'from the device.')
2024-02-18 11:35:47,108:backup_app.connections.SSH_Connection:DEBUG:r3.home - Attempting to create an SSH connection.
2024-02-18 11:35:47,108:backup_app.connections.SSH_Connection:DEBUG:r3.home - Connecting with password.
2024-02-18 11:35:48,026:backup_app.connections.SSH_Connection:DEBUG:r3.home - Connection created.
2024-02-18 11:35:48,027:backup_app.connections.SSH_Connection:DEBUG:r3.home - Sending commands.
2024-02-18 11:35:48,116:backup_app.connections.SSH_Connection:DEBUG:r3.home - Connection completend sucessfully.
2024-02-18 11:35:48,116:backup_app.connections.SSH_Connection:DEBUG:r3.home - Filtering the configuration file.
2024-02-18 11:35:48,116:backup_app.devices.Mikrotik:DEBUG:r3.home - Configuration filtering.
2024-02-18 11:35:48,116:backup_app.devices.Mikrotik:INFO:r3.home - Skiping line '# feb/18/2024 10:35:47 by RouterOS 6.49.7'.
2024-02-18 11:35:48,116:backup_app.devices.Mikrotik:INFO:r3.home - Skiping line '# software id = '.
2024-02-18 11:35:48,116:backup_app.devices.Mikrotik:INFO:r3.home - Skiping line '#'.
2024-02-18 11:35:48,117:backup_app.devices.Mikrotik:INFO:r3.home - Skiping line '#'.
2024-02-18 11:35:48,117:backup_app.devices.Mikrotik:INFO:r3.home - Skiping line '#'.
2024-02-18 11:35:48,117:backup_app.Backup:DEBUG:r3.home - Writing config to the file.
2024-02-18 11:35:48,117:backup_app.Backup:DEBUG:r3.home - Check if the folder exist.
2024-02-18 11:35:48,117:backup_app.Backup:DEBUG:r3.home - Opening the file.
2024-02-18 11:35:48,117:backup_app.Backup:DEBUG:r3.home - Writing config.
2024-02-18 11:35:48,117:backup_app.Backup:DEBUG:r3.home - Git commands execute.
2024-02-18 11:35:48,118:backup_app.git_operations.Git:DEBUG:r3.home - Check if git repozitory exist.
2024-02-18 11:35:48,118:backup_app.git_operations.Git:DEBUG:r3.home - Repository exist.
2024-02-18 11:35:48,118:backup_app.git_operations.Git:DEBUG:r3.home - Checking status.
2024-02-18 11:35:48,122:backup_app.git_operations.Git:DEBUG:r3.home - Nothing to commmit.
2024-02-18 11:35:48,123:backup_app.git_operations.Git:INFO:r3.home - Nothing to commit.
2024-02-18 11:35:48,123:backup_app.Backup:INFO:r3.home - Backup completed.
2024-02-18 11:35:48,572:backup_app.connections.SSH_Connection:DEBUG:r1.home - Connection created.
2024-02-18 11:35:48,572:backup_app.connections.SSH_Connection:DEBUG:r1.home - Sending commands.
2024-02-18 11:35:53,242:backup_app.devices.Devices_Load:DEBUG:Loading basic devices list.
2024-02-18 11:35:53,243:backup_app.devices.Devices_Load:DEBUG:Empty RAM memory.
2024-02-18 11:35:53,243:backup_app.devices.Devices_Load:INFO:Creating device objects..
2024-02-18 11:35:53,243:backup_app.devices.Cisco:DEBUG:r1.home - Creatad.
2024-02-18 11:35:53,243:backup_app.devices.Mikrotik:DEBUG:r3.home - Creatad.
2024-02-18 11:35:53,243:backup_app.Backup:INFO:Start application.
2024-02-18 11:35:53,248:backup_app.Backup:INFO:r1.home - Trying create backup.
2024-02-18 11:35:53,248:backup_app.connections.SSH_Connection:DEBUG:r1.home - Checking if the host is responding
2024-02-18 11:35:53,249:backup_app.Backup:INFO:r3.home - Trying create backup.
2024-02-18 11:35:53,249:backup_app.connections.SSH_Connection:DEBUG:r3.home - Checking if the host is responding
2024-02-18 11:35:56,470:backup_app.connections.SSH_Connection:DEBUG:r3.home - The host responds
2024-02-18 11:35:56,471:backup_app.connections.SSH_Connection:DEBUG:r1.home - The host responds
2024-02-18 11:35:56,471:backup_app.connections.SSH_Connection:DEBUG:r3.home - Downloading the necessary commands.
2024-02-18 11:35:56,471:backup_app.connections.SSH_Connection:DEBUG:r1.home - Downloading the necessary commands.
2024-02-18 11:35:56,471:backup_app.devices.Mikrotik:DEBUG:r3.home - Returning commands.
2024-02-18 11:35:56,472:backup_app.devices.Cisco:DEBUG:r1.home - Returning commands.
2024-02-18 11:35:56,472:backup_app.connections.SSH_Connection:INFO:('r1.home - Trying download configuration ', 'from the device.')
2024-02-18 11:35:56,472:backup_app.connections.SSH_Connection:DEBUG:r1.home - Attempting to create an SSH connection.
2024-02-18 11:35:56,472:backup_app.connections.SSH_Connection:INFO:('r3.home - Trying download configuration ', 'from the device.')
2024-02-18 11:35:56,472:backup_app.connections.SSH_Connection:DEBUG:r1.home - Connecting with password.
2024-02-18 11:35:56,472:backup_app.connections.SSH_Connection:DEBUG:r3.home - Attempting to create an SSH connection.
2024-02-18 11:35:56,473:backup_app.connections.SSH_Connection:DEBUG:r3.home - Connecting with password.
2024-02-18 11:35:57,344:backup_app.connections.SSH_Connection:DEBUG:r3.home - Connection created.
2024-02-18 11:35:57,344:backup_app.connections.SSH_Connection:DEBUG:r3.home - Sending commands.
2024-02-18 11:35:57,433:backup_app.connections.SSH_Connection:DEBUG:r3.home - Connection completend sucessfully.
2024-02-18 11:35:57,433:backup_app.connections.SSH_Connection:DEBUG:r3.home - Filtering the configuration file.
2024-02-18 11:35:57,433:backup_app.devices.Mikrotik:DEBUG:r3.home - Configuration filtering.
2024-02-18 11:35:57,433:backup_app.devices.Mikrotik:INFO:r3.home - Skiping line '# feb/18/2024 10:35:57 by RouterOS 6.49.7'.
2024-02-18 11:35:57,434:backup_app.devices.Mikrotik:INFO:r3.home - Skiping line '# software id = '.
2024-02-18 11:35:57,434:backup_app.devices.Mikrotik:INFO:r3.home - Skiping line '#'.
2024-02-18 11:35:57,434:backup_app.devices.Mikrotik:INFO:r3.home - Skiping line '#'.
2024-02-18 11:35:57,434:backup_app.devices.Mikrotik:INFO:r3.home - Skiping line '#'.
2024-02-18 11:35:57,434:backup_app.Backup:DEBUG:r3.home - Writing config to the file.
2024-02-18 11:35:57,434:backup_app.Backup:DEBUG:r3.home - Check if the folder exist.
2024-02-18 11:35:57,434:backup_app.Backup:DEBUG:r3.home - Opening the file.
2024-02-18 11:35:57,434:backup_app.Backup:DEBUG:r3.home - Writing config.
2024-02-18 11:35:57,435:backup_app.Backup:DEBUG:r3.home - Git commands execute.
2024-02-18 11:35:57,435:backup_app.git_operations.Git:DEBUG:r3.home - Check if git repozitory exist.
2024-02-18 11:35:57,435:backup_app.git_operations.Git:DEBUG:r3.home - Repository exist.
2024-02-18 11:35:57,435:backup_app.git_operations.Git:DEBUG:r3.home - Checking status.
2024-02-18 11:35:57,439:backup_app.git_operations.Git:DEBUG:r3.home - Nothing to commmit.
2024-02-18 11:35:57,440:backup_app.git_operations.Git:INFO:r3.home - Nothing to commit.
2024-02-18 11:35:57,440:backup_app.Backup:INFO:r3.home - Backup completed.
2024-02-18 11:35:57,656:backup_app.connections.SSH_Connection:DEBUG:r1.home - Connection created.
2024-02-18 11:35:57,656:backup_app.connections.SSH_Connection:DEBUG:r1.home - Sending commands.
2024-02-18 11:35:57,940:backup_app.connections.SSH_Connection:DEBUG:r1.home - Connection completend sucessfully.
2024-02-18 11:35:57,940:backup_app.connections.SSH_Connection:DEBUG:r1.home - Filtering the configuration file.
2024-02-18 11:35:57,940:backup_app.devices.Cisco:DEBUG:r1.home - Configuration filtering.
2024-02-18 11:35:57,940:backup_app.devices.Cisco:INFO:r1.home - Skiping line 'Building configuration...'.
2024-02-18 11:35:57,940:backup_app.devices.Cisco:DEBUG:r1.home - Skiping empty line for.
2024-02-18 11:35:57,940:backup_app.devices.Cisco:INFO:r1.home - Skiping line 'Current configuration : 88 bytes'.
2024-02-18 11:36:55,932:backup_app.devices.Devices_Load:DEBUG:Loading basic devices list.
2024-02-18 11:36:55,933:backup_app.devices.Devices_Load:DEBUG:Empty RAM memory.
2024-02-18 11:36:55,933:backup_app.devices.Devices_Load:INFO:Creating device objects..
2024-02-18 11:36:55,934:backup_app.devices.Cisco:DEBUG:r1.home - Creatad.
2024-02-18 11:36:55,934:backup_app.devices.Mikrotik:DEBUG:r3.home - Creatad.
2024-02-18 11:36:55,934:backup_app.Backup:INFO:Start application.
2024-02-18 11:36:55,939:backup_app.Backup:INFO:r1.home - Trying create backup.
2024-02-18 11:36:55,939:backup_app.Backup:INFO:r3.home - Trying create backup.
2024-02-18 11:36:55,939:backup_app.connections.SSH_Connection:DEBUG:r1.home - Checking if the host is responding
2024-02-18 11:36:55,940:backup_app.connections.SSH_Connection:DEBUG:r3.home - Checking if the host is responding
2024-02-18 11:36:58,984:backup_app.connections.SSH_Connection:DEBUG:r1.home - The host responds
2024-02-18 11:36:58,984:backup_app.connections.SSH_Connection:DEBUG:r1.home - Downloading the necessary commands.
2024-02-18 11:36:58,984:backup_app.devices.Cisco:DEBUG:r1.home - Returning commands.
2024-02-18 11:36:58,984:backup_app.connections.SSH_Connection:INFO:('r1.home - Trying download configuration ', 'from the device.')
2024-02-18 11:36:58,984:backup_app.connections.SSH_Connection:DEBUG:r1.home - Attempting to create an SSH connection.
2024-02-18 11:36:58,984:backup_app.connections.SSH_Connection:DEBUG:r1.home - Connecting with password.
2024-02-18 11:36:59,020:backup_app.connections.SSH_Connection:DEBUG:r3.home - The host responds
2024-02-18 11:36:59,021:backup_app.connections.SSH_Connection:DEBUG:r3.home - Downloading the necessary commands.
2024-02-18 11:36:59,021:backup_app.devices.Mikrotik:DEBUG:r3.home - Returning commands.
2024-02-18 11:36:59,021:backup_app.connections.SSH_Connection:INFO:('r3.home - Trying download configuration ', 'from the device.')
2024-02-18 11:36:59,021:backup_app.connections.SSH_Connection:DEBUG:r3.home - Attempting to create an SSH connection.
2024-02-18 11:36:59,021:backup_app.connections.SSH_Connection:DEBUG:r3.home - Connecting with password.
2024-02-18 11:36:59,433:backup_app.connections.SSH_Connection:DEBUG:r3.home - Connection created.
2024-02-18 11:36:59,434:backup_app.connections.SSH_Connection:DEBUG:r3.home - Sending commands.
2024-02-18 11:36:59,522:backup_app.connections.SSH_Connection:DEBUG:r3.home - Connection completend sucessfully.
2024-02-18 11:36:59,522:backup_app.connections.SSH_Connection:DEBUG:r3.home - Filtering the configuration file.
2024-02-18 11:36:59,523:backup_app.devices.Mikrotik:DEBUG:r3.home - Configuration filtering.
2024-02-18 11:36:59,523:backup_app.devices.Mikrotik:INFO:r3.home - Skiping line '# feb/18/2024 10:36:59 by RouterOS 6.49.7'.
2024-02-18 11:36:59,523:backup_app.devices.Mikrotik:INFO:r3.home - Skiping line '# software id = '.
2024-02-18 11:36:59,523:backup_app.devices.Mikrotik:INFO:r3.home - Skiping line '#'.
2024-02-18 11:36:59,523:backup_app.devices.Mikrotik:INFO:r3.home - Skiping line '#'.
2024-02-18 11:36:59,523:backup_app.devices.Mikrotik:INFO:r3.home - Skiping line '#'.
2024-02-18 11:36:59,523:backup_app.Backup:DEBUG:r3.home - Writing config to the file.
2024-02-18 11:36:59,524:backup_app.Backup:DEBUG:r3.home - Check if the folder exist.
2024-02-18 11:36:59,524:backup_app.Backup:DEBUG:r3.home - Opening the file.
2024-02-18 11:36:59,524:backup_app.Backup:DEBUG:r3.home - Writing config.
2024-02-18 11:36:59,524:backup_app.Backup:DEBUG:r3.home - Git commands execute.
2024-02-18 11:36:59,525:backup_app.git_operations.Git:DEBUG:r3.home - Check if git repozitory exist.
2024-02-18 11:36:59,525:backup_app.git_operations.Git:DEBUG:r3.home - Repository exist.
2024-02-18 11:36:59,525:backup_app.git_operations.Git:DEBUG:r3.home - Checking status.
2024-02-18 11:36:59,529:backup_app.git_operations.Git:DEBUG:r3.home - Nothing to commmit.
2024-02-18 11:36:59,529:backup_app.git_operations.Git:INFO:r3.home - Nothing to commit.
2024-02-18 11:36:59,529:backup_app.Backup:INFO:r3.home - Backup completed.
2024-02-18 11:36:59,866:backup_app.connections.SSH_Connection:DEBUG:r1.home - Connection created.
2024-02-18 11:36:59,867:backup_app.connections.SSH_Connection:DEBUG:r1.home - Sending commands.
2024-02-18 11:37:00,153:backup_app.connections.SSH_Connection:DEBUG:r1.home - Connection completend sucessfully.
2024-02-18 11:37:00,154:backup_app.connections.SSH_Connection:DEBUG:r1.home - Filtering the configuration file.
2024-02-18 11:37:00,154:backup_app.devices.Cisco:DEBUG:r1.home - Configuration filtering.
2024-02-18 11:37:00,154:backup_app.devices.Cisco:INFO:r1.home - Skiping line 'Building configuration...'.
2024-02-18 11:37:00,154:backup_app.devices.Cisco:DEBUG:r1.home - Skiping empty line for.
2024-02-18 11:37:00,154:backup_app.devices.Cisco:INFO:r1.home - Skiping line 'Current configuration : 88 bytes'.
2024-02-18 11:37:29,122:backup_app.devices.Devices_Load:DEBUG:Loading basic devices list.
2024-02-18 11:37:29,123:backup_app.devices.Devices_Load:DEBUG:Empty RAM memory.
2024-02-18 11:37:29,124:backup_app.devices.Devices_Load:INFO:Creating device objects..
2024-02-18 11:37:29,124:backup_app.devices.Cisco:DEBUG:r1.home - Creatad.
2024-02-18 11:37:29,124:backup_app.devices.Mikrotik:DEBUG:r3.home - Creatad.
2024-02-18 11:37:29,124:backup_app.Backup:INFO:Start application.
2024-02-18 11:37:29,129:backup_app.Backup:INFO:r1.home - Trying create backup.
2024-02-18 11:37:29,130:backup_app.Backup:INFO:r3.home - Trying create backup.
2024-02-18 11:37:29,130:backup_app.connections.SSH_Connection:DEBUG:r1.home - Checking if the host is responding
2024-02-18 11:37:29,131:backup_app.connections.SSH_Connection:DEBUG:r3.home - Checking if the host is responding
2024-02-18 11:37:32,169:backup_app.connections.SSH_Connection:DEBUG:r3.home - The host responds
2024-02-18 11:37:32,170:backup_app.connections.SSH_Connection:DEBUG:r3.home - Downloading the necessary commands.
2024-02-18 11:37:32,170:backup_app.devices.Mikrotik:DEBUG:r3.home - Returning commands.
2024-02-18 11:37:32,170:backup_app.connections.SSH_Connection:INFO:('r3.home - Trying download configuration ', 'from the device.')
2024-02-18 11:37:32,170:backup_app.connections.SSH_Connection:DEBUG:r3.home - Attempting to create an SSH connection.
2024-02-18 11:37:32,170:backup_app.connections.SSH_Connection:DEBUG:r3.home - Connecting with password.
2024-02-18 11:37:32,177:backup_app.connections.SSH_Connection:DEBUG:r1.home - The host responds
2024-02-18 11:37:32,177:backup_app.connections.SSH_Connection:DEBUG:r1.home - Downloading the necessary commands.
2024-02-18 11:37:32,178:backup_app.devices.Cisco:DEBUG:r1.home - Returning commands.
2024-02-18 11:37:32,178:backup_app.connections.SSH_Connection:INFO:('r1.home - Trying download configuration ', 'from the device.')
2024-02-18 11:37:32,178:backup_app.connections.SSH_Connection:DEBUG:r1.home - Attempting to create an SSH connection.
2024-02-18 11:37:32,178:backup_app.connections.SSH_Connection:DEBUG:r1.home - Connecting with password.
2024-02-18 11:37:32,780:backup_app.connections.SSH_Connection:DEBUG:r3.home - Connection created.
2024-02-18 11:37:32,781:backup_app.connections.SSH_Connection:DEBUG:r3.home - Sending commands.
2024-02-18 11:37:32,871:backup_app.connections.SSH_Connection:DEBUG:r3.home - Connection completend sucessfully.
2024-02-18 11:37:32,871:backup_app.connections.SSH_Connection:DEBUG:r3.home - Filtering the configuration file.
2024-02-18 11:37:32,871:backup_app.devices.Mikrotik:DEBUG:r3.home - Configuration filtering.
2024-02-18 11:37:32,871:backup_app.devices.Mikrotik:INFO:r3.home - Skiping line '# feb/18/2024 10:37:32 by RouterOS 6.49.7'.
2024-02-18 11:37:32,871:backup_app.devices.Mikrotik:INFO:r3.home - Skiping line '# software id = '.
2024-02-18 11:37:32,871:backup_app.devices.Mikrotik:INFO:r3.home - Skiping line '#'.
2024-02-18 11:37:32,871:backup_app.devices.Mikrotik:INFO:r3.home - Skiping line '#'.
2024-02-18 11:37:32,871:backup_app.devices.Mikrotik:INFO:r3.home - Skiping line '#'.
2024-02-18 11:37:32,872:backup_app.Backup:DEBUG:r3.home - Writing config to the file.
2024-02-18 11:37:32,872:backup_app.Backup:DEBUG:r3.home - Check if the folder exist.
2024-02-18 11:37:32,872:backup_app.Backup:DEBUG:r3.home - Opening the file.
2024-02-18 11:37:32,872:backup_app.Backup:DEBUG:r3.home - Writing config.
2024-02-18 11:37:32,872:backup_app.Backup:DEBUG:r3.home - Git commands execute.
2024-02-18 11:37:32,873:backup_app.git_operations.Git:DEBUG:r3.home - Check if git repozitory exist.
2024-02-18 11:37:32,873:backup_app.git_operations.Git:DEBUG:r3.home - Repository exist.
2024-02-18 11:37:32,873:backup_app.git_operations.Git:DEBUG:r3.home - Checking status.
2024-02-18 11:37:32,877:backup_app.git_operations.Git:DEBUG:r3.home - Nothing to commmit.
2024-02-18 11:37:32,877:backup_app.git_operations.Git:INFO:r3.home - Nothing to commit.
2024-02-18 11:37:32,877:backup_app.Backup:INFO:r3.home - Backup completed.
2024-02-18 11:37:33,257:backup_app.connections.SSH_Connection:DEBUG:r1.home - Connection created.
2024-02-18 11:37:33,257:backup_app.connections.SSH_Connection:DEBUG:r1.home - Sending commands.
2024-02-18 11:37:33,708:backup_app.connections.SSH_Connection:DEBUG:r1.home - Connection completend sucessfully.
2024-02-18 11:37:33,709:backup_app.connections.SSH_Connection:DEBUG:r1.home - Filtering the configuration file.
2024-02-18 11:37:33,709:backup_app.devices.Cisco:DEBUG:r1.home - Configuration filtering.
2024-02-18 11:37:43,530:backup_app.devices.Devices_Load:DEBUG:Loading basic devices list.
2024-02-18 11:37:43,531:backup_app.devices.Devices_Load:DEBUG:Empty RAM memory.
2024-02-18 11:37:43,531:backup_app.devices.Devices_Load:INFO:Creating device objects..
2024-02-18 11:37:43,531:backup_app.devices.Cisco:DEBUG:r1.home - Creatad.
2024-02-18 11:37:43,531:backup_app.devices.Mikrotik:DEBUG:r3.home - Creatad.
2024-02-18 11:37:43,532:backup_app.Backup:INFO:Start application.
2024-02-18 11:37:43,536:backup_app.Backup:INFO:r1.home - Trying create backup.
2024-02-18 11:37:43,537:backup_app.connections.SSH_Connection:DEBUG:r1.home - Checking if the host is responding
2024-02-18 11:37:43,538:backup_app.Backup:INFO:r3.home - Trying create backup.
2024-02-18 11:37:43,539:backup_app.connections.SSH_Connection:DEBUG:r3.home - Checking if the host is responding
2024-02-18 11:37:46,583:backup_app.connections.SSH_Connection:DEBUG:r1.home - The host responds
2024-02-18 11:37:46,583:backup_app.connections.SSH_Connection:DEBUG:r1.home - Downloading the necessary commands.
2024-02-18 11:37:46,583:backup_app.devices.Cisco:DEBUG:r1.home - Returning commands.
2024-02-18 11:37:46,583:backup_app.connections.SSH_Connection:INFO:('r1.home - Trying download configuration ', 'from the device.')
2024-02-18 11:37:46,583:backup_app.connections.SSH_Connection:DEBUG:r1.home - Attempting to create an SSH connection.
2024-02-18 11:37:46,583:backup_app.connections.SSH_Connection:DEBUG:r1.home - Connecting with password.
2024-02-18 11:37:46,590:backup_app.connections.SSH_Connection:DEBUG:r3.home - The host responds
2024-02-18 11:37:46,591:backup_app.connections.SSH_Connection:DEBUG:r3.home - Downloading the necessary commands.
2024-02-18 11:37:46,591:backup_app.devices.Mikrotik:DEBUG:r3.home - Returning commands.
2024-02-18 11:37:46,591:backup_app.connections.SSH_Connection:INFO:('r3.home - Trying download configuration ', 'from the device.')
2024-02-18 11:37:46,591:backup_app.connections.SSH_Connection:DEBUG:r3.home - Attempting to create an SSH connection.
2024-02-18 11:37:46,592:backup_app.connections.SSH_Connection:DEBUG:r3.home - Connecting with password.
2024-02-18 11:37:47,186:backup_app.connections.SSH_Connection:DEBUG:r3.home - Connection created.
2024-02-18 11:37:47,186:backup_app.connections.SSH_Connection:DEBUG:r3.home - Sending commands.
2024-02-18 11:37:47,274:backup_app.connections.SSH_Connection:DEBUG:r3.home - Connection completend sucessfully.
2024-02-18 11:37:47,274:backup_app.connections.SSH_Connection:DEBUG:r3.home - Filtering the configuration file.
2024-02-18 11:37:47,274:backup_app.devices.Mikrotik:DEBUG:r3.home - Configuration filtering.
2024-02-18 11:37:47,275:backup_app.devices.Mikrotik:INFO:r3.home - Skiping line '# feb/18/2024 10:37:46 by RouterOS 6.49.7'.
2024-02-18 11:37:47,275:backup_app.devices.Mikrotik:INFO:r3.home - Skiping line '# software id = '.
2024-02-18 11:37:47,275:backup_app.devices.Mikrotik:INFO:r3.home - Skiping line '#'.
2024-02-18 11:37:47,275:backup_app.devices.Mikrotik:INFO:r3.home - Skiping line '#'.
2024-02-18 11:37:47,275:backup_app.devices.Mikrotik:INFO:r3.home - Skiping line '#'.
2024-02-18 11:37:47,275:backup_app.Backup:DEBUG:r3.home - Writing config to the file.
2024-02-18 11:37:47,275:backup_app.Backup:DEBUG:r3.home - Check if the folder exist.
2024-02-18 11:37:47,275:backup_app.Backup:DEBUG:r3.home - Opening the file.
2024-02-18 11:37:47,276:backup_app.Backup:DEBUG:r3.home - Writing config.
2024-02-18 11:37:47,276:backup_app.Backup:DEBUG:r3.home - Git commands execute.
2024-02-18 11:37:47,276:backup_app.git_operations.Git:DEBUG:r3.home - Check if git repozitory exist.
2024-02-18 11:37:47,276:backup_app.git_operations.Git:DEBUG:r3.home - Repository exist.
2024-02-18 11:37:47,276:backup_app.git_operations.Git:DEBUG:r3.home - Checking status.
2024-02-18 11:37:47,281:backup_app.git_operations.Git:DEBUG:r3.home - Nothing to commmit.
2024-02-18 11:37:47,281:backup_app.git_operations.Git:INFO:r3.home - Nothing to commit.
2024-02-18 11:37:47,281:backup_app.Backup:INFO:r3.home - Backup completed.
2024-02-18 11:37:47,517:backup_app.connections.SSH_Connection:DEBUG:r1.home - Connection created.
2024-02-18 11:37:47,517:backup_app.connections.SSH_Connection:DEBUG:r1.home - Sending commands.
2024-02-18 11:37:47,905:backup_app.connections.SSH_Connection:DEBUG:r1.home - Connection completend sucessfully.
2024-02-18 11:37:47,905:backup_app.connections.SSH_Connection:DEBUG:r1.home - Filtering the configuration file.
2024-02-18 11:37:47,905:backup_app.devices.Cisco:DEBUG:r1.home - Configuration filtering.
2024-02-18 11:37:47,905:backup_app.devices.Cisco:INFO:r1.home - Skiping line 'Building configuration...'.
2024-02-18 11:37:47,906:backup_app.devices.Cisco:DEBUG:r1.home - Skiping empty line for.
2024-02-18 11:37:47,906:backup_app.devices.Cisco:INFO:r1.home - Skiping line 'Current configuration : 88 bytes'.
2024-02-18 11:37:47,906:backup_app.Backup:DEBUG:r1.home - Writing config to the file.
2024-02-18 11:37:47,906:backup_app.Backup:DEBUG:r1.home - Check if the folder exist.
2024-02-18 11:37:47,906:backup_app.Backup:DEBUG:r1.home - Opening the file.
2024-02-18 11:37:47,906:backup_app.Backup:DEBUG:r1.home - Writing config.
2024-02-18 11:37:47,907:backup_app.Backup:DEBUG:r1.home - Git commands execute.
2024-02-18 11:37:47,907:backup_app.git_operations.Git:DEBUG:r1.home - Check if git repozitory exist.
2024-02-18 11:37:47,907:backup_app.git_operations.Git:DEBUG:r1.home - Repository exist.
2024-02-18 11:37:47,907:backup_app.git_operations.Git:DEBUG:r1.home - Checking status.
2024-02-18 11:37:47,912:backup_app.git_operations.Git:DEBUG:r1.home - The file has been modified.
2024-02-18 11:37:47,912:backup_app.git_operations.Git:INFO:r1.home - File modify.
2024-02-18 11:37:47,912:backup_app.git_operations.Git:INFO:r1.home - Commiting repository.
2024-02-18 11:37:47,922:backup_app.git_operations.Git:INFO:r1.home - Commited.
2024-02-18 11:37:47,923:backup_app.Backup:INFO:r1.home - Backup completed.
2024-02-18 11:38:00,159:backup_app.devices.Devices_Load:DEBUG:Loading basic devices list.
2024-02-18 11:38:00,160:backup_app.devices.Devices_Load:DEBUG:Empty RAM memory.
2024-02-18 11:38:00,160:backup_app.devices.Devices_Load:INFO:Creating device objects..
2024-02-18 11:38:00,161:backup_app.devices.Cisco:DEBUG:r1.home - Creatad.
2024-02-18 11:38:00,161:backup_app.devices.Mikrotik:DEBUG:r3.home - Creatad.
2024-02-18 11:38:00,161:backup_app.Backup:INFO:Start application.
2024-02-18 11:38:00,166:backup_app.Backup:INFO:r1.home - Trying create backup.
2024-02-18 11:38:00,166:backup_app.Backup:INFO:r3.home - Trying create backup.
2024-02-18 11:38:00,167:backup_app.connections.SSH_Connection:DEBUG:r1.home - Checking if the host is responding
2024-02-18 11:38:00,167:backup_app.connections.SSH_Connection:DEBUG:r3.home - Checking if the host is responding
2024-02-18 11:38:03,205:backup_app.connections.SSH_Connection:DEBUG:r3.home - The host responds
2024-02-18 11:38:03,206:backup_app.connections.SSH_Connection:DEBUG:r3.home - Downloading the necessary commands.
2024-02-18 11:38:03,206:backup_app.devices.Mikrotik:DEBUG:r3.home - Returning commands.
2024-02-18 11:38:03,206:backup_app.connections.SSH_Connection:INFO:('r3.home - Trying download configuration ', 'from the device.')
2024-02-18 11:38:03,206:backup_app.connections.SSH_Connection:DEBUG:r3.home - Attempting to create an SSH connection.
2024-02-18 11:38:03,206:backup_app.connections.SSH_Connection:DEBUG:r3.home - Connecting with password.
2024-02-18 11:38:03,233:backup_app.connections.SSH_Connection:DEBUG:r1.home - The host responds
2024-02-18 11:38:03,234:backup_app.connections.SSH_Connection:DEBUG:r1.home - Downloading the necessary commands.
2024-02-18 11:38:03,234:backup_app.devices.Cisco:DEBUG:r1.home - Returning commands.
2024-02-18 11:38:03,234:backup_app.connections.SSH_Connection:INFO:('r1.home - Trying download configuration ', 'from the device.')
2024-02-18 11:38:03,234:backup_app.connections.SSH_Connection:DEBUG:r1.home - Attempting to create an SSH connection.
2024-02-18 11:38:03,234:backup_app.connections.SSH_Connection:DEBUG:r1.home - Connecting with password.
2024-02-18 11:38:03,766:backup_app.connections.SSH_Connection:DEBUG:r3.home - Connection created.
2024-02-18 11:38:03,767:backup_app.connections.SSH_Connection:DEBUG:r3.home - Sending commands.
2024-02-18 11:38:03,855:backup_app.connections.SSH_Connection:DEBUG:r3.home - Connection completend sucessfully.
2024-02-18 11:38:03,856:backup_app.connections.SSH_Connection:DEBUG:r3.home - Filtering the configuration file.
2024-02-18 11:38:03,856:backup_app.devices.Mikrotik:DEBUG:r3.home - Configuration filtering.
2024-02-18 11:38:03,856:backup_app.devices.Mikrotik:INFO:r3.home - Skiping line '# feb/18/2024 10:38:03 by RouterOS 6.49.7'.
2024-02-18 11:38:03,856:backup_app.devices.Mikrotik:INFO:r3.home - Skiping line '# software id = '.
2024-02-18 11:38:03,856:backup_app.devices.Mikrotik:INFO:r3.home - Skiping line '#'.
2024-02-18 11:38:03,856:backup_app.devices.Mikrotik:INFO:r3.home - Skiping line '#'.
2024-02-18 11:38:03,856:backup_app.devices.Mikrotik:INFO:r3.home - Skiping line '#'.
2024-02-18 11:38:03,856:backup_app.Backup:DEBUG:r3.home - Writing config to the file.
2024-02-18 11:38:03,857:backup_app.Backup:DEBUG:r3.home - Check if the folder exist.
2024-02-18 11:38:03,857:backup_app.Backup:DEBUG:r3.home - Opening the file.
2024-02-18 11:38:03,857:backup_app.Backup:DEBUG:r3.home - Writing config.
2024-02-18 11:38:03,857:backup_app.Backup:DEBUG:r3.home - Git commands execute.
2024-02-18 11:38:03,858:backup_app.git_operations.Git:DEBUG:r3.home - Check if git repozitory exist.
2024-02-18 11:38:03,858:backup_app.git_operations.Git:DEBUG:r3.home - Repository exist.
2024-02-18 11:38:03,858:backup_app.git_operations.Git:DEBUG:r3.home - Checking status.
2024-02-18 11:38:03,863:backup_app.git_operations.Git:DEBUG:r3.home - Nothing to commmit.
2024-02-18 11:38:03,864:backup_app.git_operations.Git:INFO:r3.home - Nothing to commit.
2024-02-18 11:38:03,864:backup_app.Backup:INFO:r3.home - Backup completed.
2024-02-18 11:38:04,132:backup_app.connections.SSH_Connection:DEBUG:r1.home - Connection created.
2024-02-18 11:38:04,133:backup_app.connections.SSH_Connection:DEBUG:r1.home - Sending commands.
2024-02-18 11:38:04,407:backup_app.connections.SSH_Connection:DEBUG:r1.home - Connection completend sucessfully.
2024-02-18 11:38:04,408:backup_app.connections.SSH_Connection:DEBUG:r1.home - Filtering the configuration file.
2024-02-18 11:38:04,408:backup_app.devices.Cisco:DEBUG:r1.home - Configuration filtering.
2024-02-18 11:38:04,408:backup_app.devices.Cisco:INFO:r1.home - Skiping line 'Building configuration...'.
2024-02-18 11:38:04,408:backup_app.devices.Cisco:DEBUG:r1.home - Skiping empty line for.
2024-02-18 11:38:04,408:backup_app.devices.Cisco:INFO:r1.home - Skiping line 'Current configuration : 88 bytes'.
2024-02-18 11:38:04,408:backup_app.Backup:DEBUG:r1.home - Writing config to the file.
2024-02-18 11:38:04,409:backup_app.Backup:DEBUG:r1.home - Check if the folder exist.
2024-02-18 11:38:04,409:backup_app.Backup:DEBUG:r1.home - Opening the file.
2024-02-18 11:38:04,409:backup_app.Backup:DEBUG:r1.home - Writing config.
2024-02-18 11:38:04,409:backup_app.Backup:DEBUG:r1.home - Git commands execute.
2024-02-18 11:38:04,409:backup_app.git_operations.Git:DEBUG:r1.home - Check if git repozitory exist.
2024-02-18 11:38:04,409:backup_app.git_operations.Git:DEBUG:r1.home - Repository exist.
2024-02-18 11:38:04,410:backup_app.git_operations.Git:DEBUG:r1.home - Checking status.
2024-02-18 11:38:04,414:backup_app.git_operations.Git:DEBUG:r1.home - Nothing to commmit.
2024-02-18 11:38:04,415:backup_app.git_operations.Git:INFO:r1.home - Nothing to commit.
2024-02-18 11:38:04,415:backup_app.Backup:INFO:r1.home - Backup completed.
2024-02-18 11:38:14,451:backup_app.devices.Devices_Load:DEBUG:Loading basic devices list.
2024-02-18 11:38:14,452:backup_app.devices.Devices_Load:DEBUG:Empty RAM memory.
2024-02-18 11:38:14,452:backup_app.devices.Devices_Load:INFO:Creating device objects..
2024-02-18 11:38:14,452:backup_app.devices.Cisco:DEBUG:r1.home - Creatad.
2024-02-18 11:38:14,453:backup_app.devices.Mikrotik:DEBUG:r3.home - Creatad.
2024-02-18 11:38:14,453:backup_app.Backup:INFO:Start application.
2024-02-18 11:38:14,457:backup_app.Backup:INFO:r1.home - Trying create backup.
2024-02-18 11:38:14,458:backup_app.Backup:INFO:r3.home - Trying create backup.
2024-02-18 11:38:14,458:backup_app.connections.SSH_Connection:DEBUG:r1.home - Checking if the host is responding
2024-02-18 11:38:14,458:backup_app.connections.SSH_Connection:DEBUG:r3.home - Checking if the host is responding
2024-02-18 11:38:17,505:backup_app.connections.SSH_Connection:DEBUG:r3.home - The host responds
2024-02-18 11:38:17,505:backup_app.connections.SSH_Connection:DEBUG:r3.home - Downloading the necessary commands.
2024-02-18 11:38:17,505:backup_app.devices.Mikrotik:DEBUG:r3.home - Returning commands.
2024-02-18 11:38:17,505:backup_app.connections.SSH_Connection:INFO:('r3.home - Trying download configuration ', 'from the device.')
2024-02-18 11:38:17,506:backup_app.connections.SSH_Connection:DEBUG:r3.home - Attempting to create an SSH connection.
2024-02-18 11:38:17,506:backup_app.connections.SSH_Connection:DEBUG:r3.home - Connecting with password.
2024-02-18 11:38:17,512:backup_app.connections.SSH_Connection:DEBUG:r1.home - The host responds
2024-02-18 11:38:17,513:backup_app.connections.SSH_Connection:DEBUG:r1.home - Downloading the necessary commands.
2024-02-18 11:38:17,513:backup_app.devices.Cisco:DEBUG:r1.home - Returning commands.
2024-02-18 11:38:17,513:backup_app.connections.SSH_Connection:INFO:('r1.home - Trying download configuration ', 'from the device.')
2024-02-18 11:38:17,513:backup_app.connections.SSH_Connection:DEBUG:r1.home - Attempting to create an SSH connection.
2024-02-18 11:38:17,513:backup_app.connections.SSH_Connection:DEBUG:r1.home - Connecting with password.
2024-02-18 11:38:17,997:backup_app.connections.SSH_Connection:DEBUG:r3.home - Connection created.
2024-02-18 11:38:17,997:backup_app.connections.SSH_Connection:DEBUG:r3.home - Sending commands.
2024-02-18 11:38:18,086:backup_app.connections.SSH_Connection:DEBUG:r3.home - Connection completend sucessfully.
2024-02-18 11:38:18,086:backup_app.connections.SSH_Connection:DEBUG:r3.home - Filtering the configuration file.
2024-02-18 11:38:18,086:backup_app.devices.Mikrotik:DEBUG:r3.home - Configuration filtering.
2024-02-18 11:38:18,086:backup_app.devices.Mikrotik:INFO:r3.home - Skiping line '# feb/18/2024 10:38:17 by RouterOS 6.49.7'.
2024-02-18 11:38:18,086:backup_app.devices.Mikrotik:INFO:r3.home - Skiping line '# software id = '.
2024-02-18 11:38:18,086:backup_app.devices.Mikrotik:INFO:r3.home - Skiping line '#'.
2024-02-18 11:38:18,086:backup_app.devices.Mikrotik:INFO:r3.home - Skiping line '#'.
2024-02-18 11:38:18,087:backup_app.devices.Mikrotik:INFO:r3.home - Skiping line '#'.
2024-02-18 11:38:18,087:backup_app.Backup:DEBUG:r3.home - Writing config to the file.
2024-02-18 11:38:18,087:backup_app.Backup:DEBUG:r3.home - Check if the folder exist.
2024-02-18 11:38:18,087:backup_app.Backup:DEBUG:r3.home - Opening the file.
2024-02-18 11:38:18,087:backup_app.Backup:DEBUG:r3.home - Writing config.
2024-02-18 11:38:18,087:backup_app.Backup:DEBUG:r3.home - Git commands execute.
2024-02-18 11:38:18,088:backup_app.git_operations.Git:DEBUG:r3.home - Check if git repozitory exist.
2024-02-18 11:38:18,088:backup_app.git_operations.Git:DEBUG:r3.home - Repository exist.
2024-02-18 11:38:18,088:backup_app.git_operations.Git:DEBUG:r3.home - Checking status.
2024-02-18 11:38:18,092:backup_app.git_operations.Git:DEBUG:r3.home - Nothing to commmit.
2024-02-18 11:38:18,093:backup_app.git_operations.Git:INFO:r3.home - Nothing to commit.
2024-02-18 11:38:18,093:backup_app.Backup:INFO:r3.home - Backup completed.
2024-02-18 11:38:18,446:backup_app.connections.SSH_Connection:DEBUG:r1.home - Connection created.
2024-02-18 11:38:18,446:backup_app.connections.SSH_Connection:DEBUG:r1.home - Sending commands.
2024-02-18 11:38:18,708:backup_app.connections.SSH_Connection:DEBUG:r1.home - Connection completend sucessfully.
2024-02-18 11:38:18,708:backup_app.connections.SSH_Connection:DEBUG:r1.home - Filtering the configuration file.
2024-02-18 11:38:18,708:backup_app.devices.Cisco:DEBUG:r1.home - Configuration filtering.
2024-02-18 11:38:18,708:backup_app.devices.Cisco:INFO:r1.home - Skiping line 'Building configuration...'.
2024-02-18 11:38:18,708:backup_app.devices.Cisco:DEBUG:r1.home - Skiping empty line for.
2024-02-18 11:38:18,708:backup_app.devices.Cisco:INFO:r1.home - Skiping line 'Current configuration : 88 bytes'.
2024-02-18 11:46:24,133:backup_app.devices.Devices_Load:DEBUG:Loading basic devices list.
2024-02-18 11:46:24,134:backup_app.devices.Devices_Load:DEBUG:Empty RAM memory.
2024-02-18 11:46:24,134:backup_app.devices.Devices_Load:INFO:Creating device objects..
2024-02-18 11:46:24,134:backup_app.devices.Cisco:DEBUG:r1.home - Creatad.
2024-02-18 11:47:02,888:backup_app.devices.Devices_Load:DEBUG:Loading basic devices list.
2024-02-18 11:47:02,889:backup_app.devices.Devices_Load:DEBUG:Empty RAM memory.
2024-02-18 11:47:02,889:backup_app.devices.Devices_Load:INFO:Creating device objects..
2024-02-18 11:47:02,889:backup_app.devices.Cisco:DEBUG:r1.home - Creatad.
2024-02-18 11:47:54,662:backup_app.devices.Devices_Load:DEBUG:Loading basic devices list.
2024-02-18 11:47:54,663:backup_app.devices.Devices_Load:DEBUG:Empty RAM memory.
2024-02-18 11:47:54,663:backup_app.devices.Devices_Load:INFO:Creating device objects..
2024-02-18 11:47:54,664:backup_app.devices.Cisco:DEBUG:r1.home - Creatad.
2024-02-18 11:47:54,664:backup_app.devices.Mikrotik:DEBUG:r3.home - Creatad.
2024-02-18 11:47:54,664:backup_app.Backup:INFO:Start application.
2024-02-18 11:47:54,672:backup_app.Backup:INFO:r1.home - Trying create backup.
2024-02-18 11:47:54,672:backup_app.Backup:INFO:r3.home - Trying create backup.
2024-02-18 11:47:54,672:backup_app.connections.SSH_Connection:DEBUG:r1.home - Checking if the host is responding
2024-02-18 11:47:54,673:backup_app.connections.SSH_Connection:DEBUG:r3.home - Checking if the host is responding
2024-02-18 11:47:57,718:backup_app.connections.SSH_Connection:DEBUG:r1.home - The host responds
2024-02-18 11:47:57,718:backup_app.connections.SSH_Connection:DEBUG:r1.home - Downloading the necessary commands.
2024-02-18 11:47:57,718:backup_app.devices.Cisco:DEBUG:r1.home - Returning commands.
2024-02-18 11:47:57,719:backup_app.connections.SSH_Connection:INFO:('r1.home - Trying download configuration ', 'from the device.')
2024-02-18 11:47:57,719:backup_app.connections.SSH_Connection:DEBUG:r1.home - Attempting to create an SSH connection.
2024-02-18 11:47:57,719:backup_app.connections.SSH_Connection:DEBUG:r1.home - Connecting with password.
2024-02-18 16:27:33,932:backup_app.devices.Devices_Load:INFO:Creating device objects..
2024-02-18 16:27:33,935:backup_app.devices.Devices_Load:WARNING:192.168.11.12 - Path to key doesn't exist /home/backup_app/.ssh/cisco_id_rsa.
2024-02-18 16:27:33,935:backup_app.devices.Devices_Load:WARNING:192.168.11.14 - Path to key doesn't exist /home/backup_app/.ssh/mikrotik_id_rsa.
2024-02-18 16:28:28,059:backup_app.devices.Devices_Load:INFO:Creating device objects..
2024-02-18 16:28:28,060:backup_app.devices.Devices_Load:WARNING:192.168.11.12 - Path to key doesn't exist /home/backup_app/.ssh/cisco_id_rsa.
2024-02-18 16:28:28,060:backup_app.devices.Devices_Load:WARNING:192.168.11.14 - Path to key doesn't exist /home/backup_app/.ssh/mikrotik_id_rsa.
2024-02-18 16:28:57,643:backup_app.devices.Devices_Load:INFO:Creating device objects..
2024-02-18 16:28:57,644:backup_app.devices.Devices_Load:WARNING:192.168.11.12 - Path to key doesn't exist /home/backup_app/.ssh/cisco_id_rsa.
2024-02-18 16:28:57,644:backup_app.devices.Devices_Load:WARNING:192.168.11.14 - Path to key doesn't exist /home/backup_app/.ssh/mikrotik_id_rsa.
2024-02-18 16:30:56,390:backup_app.devices.Devices_Load:INFO:Creating device objects..
2024-02-18 16:30:56,390:backup_app.devices.Devices_Load:WARNING:192.168.11.12 - Path to key doesn't exist /home/backup_app/.ssh/cisco_id_rsa.
2024-02-18 16:30:56,391:backup_app.devices.Devices_Load:WARNING:192.168.11.14 - Path to key doesn't exist /home/backup_app/.ssh/mikrotik_id_rsa.
2024-02-18 16:31:22,664:backup_app.devices.Devices_Load:INFO:Creating device objects..
2024-02-18 16:31:22,665:backup_app.devices.Devices_Load:WARNING:192.168.11.12 - Path to key doesn't exist /home/backup_app/.ssh/cisco_id_rsa.
2024-02-18 16:31:22,665:backup_app.devices.Devices_Load:WARNING:192.168.11.14 - Path to key doesn't exist /home/backup_app/.ssh/mikrotik_id_rsa.
2024-02-18 16:32:11,568:backup_app.devices.Devices_Load:INFO:Creating device objects..
2024-02-18 16:32:11,568:backup_app.devices.Devices_Load:WARNING:192.168.11.12 - Path to key doesn't exist /home/backup_app/.ssh/cisco_id_rsa.
2024-02-18 16:40:41,481:backup_app.devices.Devices_Load:INFO:Creating device objects..
2024-02-18 16:40:41,482:backup_app.devices.Devices_Load:WARNING:192.168.11.12 - Path to key doesn't exist /home/backup_app/.ssh/cisco_id_rsa.
2024-02-18 16:40:41,483:backup_app.devices.Devices_Load:WARNING:192.168.11.14 - Path to key doesn't exist /home/backup_app/.ssh/mikrotik_id_rsa.
2024-02-18 16:40:41,483:backup_app.devices.Devices_Load:WARNING:192.168.11.16 - Path to key doesn't exist /home/backup_app/.ssh/juniper_id_rsa.pub.
2024-02-18 16:40:41,483:backup_app.Backup:INFO:Start application.
2024-02-18 16:40:41,489:backup_app.Backup:INFO:192.168.11.11 - Trying create backup.
2024-02-18 16:40:41,492:backup_app.Backup:INFO:192.168.11.12 - Trying create backup.
2024-02-18 16:40:41,495:backup_app.Backup:INFO:192.168.11.13 - Trying create backup.
2024-02-18 16:40:41,503:backup_app.Backup:INFO:192.168.11.14 - Trying create backup.
2024-02-18 16:40:41,510:backup_app.Backup:INFO:192.168.11.15 - Trying create backup.
2024-02-18 16:40:41,513:backup_app.Backup:INFO:192.168.11.16 - Trying create backup.
2024-02-18 16:40:44,517:backup_app.connections.SSH_Connection:INFO:('192.168.11.12 - Trying download configuration ', 'from the device.')
2024-02-18 16:40:44,517:backup_app.connections.SSH_Connection:INFO:('192.168.11.11 - Trying download configuration ', 'from the device.')
2024-02-18 16:40:44,517:backup_app.connections.SSH_Connection:INFO:('192.168.11.13 - Trying download configuration ', 'from the device.')
2024-02-18 16:40:44,519:backup_app.connections.SSH_Connection:INFO:('192.168.11.14 - Trying download configuration ', 'from the device.')
2024-02-18 16:40:50,864:backup_app.connections.SSH_Connection:ERROR:("192.168.11.13 - Can't connect. Device ", 'not found in known_host file.')
2024-02-18 16:40:50,866:backup_app.Backup:WARNING:192.168.11.13 - Unable to connect to device.
2024-02-18 16:40:52,482:backup_app.connections.SSH_Connection:ERROR:("192.168.11.12 - Can't connect. Device ", 'not found in known_host file.')
2024-02-18 16:40:52,483:backup_app.connections.SSH_Connection:WARNING:192.168.11.15 - Host isn't responding. Skip.
2024-02-18 16:40:52,484:backup_app.connections.SSH_Connection:ERROR:("192.168.11.14 - Can't connect. Device ", 'not found in known_host file.')
2024-02-18 16:40:52,484:backup_app.connections.SSH_Connection:WARNING:192.168.11.16 - Host isn't responding. Skip.
2024-02-18 16:40:52,485:backup_app.Backup:WARNING:192.168.11.12 - Unable to connect to device.
2024-02-18 16:41:09,818:backup_app.devices.Devices_Load:INFO:Creating device objects..
2024-02-18 16:41:09,818:backup_app.devices.Devices_Load:WARNING:192.168.11.12 - Path to key doesn't exist /home/backup_app/.ssh/cisco_id_rsa.
2024-02-18 16:41:09,819:backup_app.devices.Devices_Load:WARNING:192.168.11.14 - Path to key doesn't exist /home/backup_app/.ssh/mikrotik_id_rsa.
2024-02-18 16:41:09,819:backup_app.devices.Devices_Load:WARNING:192.168.11.16 - Path to key doesn't exist /home/backup_app/.ssh/juniper_id_rsa.pub.
2024-02-18 16:41:09,819:backup_app.Backup:INFO:Start application.
2024-02-18 16:41:09,824:backup_app.Backup:INFO:r1.home - Trying create backup.
2024-02-18 16:41:09,825:backup_app.Backup:INFO:192.168.11.12 - Trying create backup.
2024-02-18 16:41:09,827:backup_app.Backup:INFO:192.168.11.13 - Trying create backup.
2024-02-18 16:41:09,830:backup_app.Backup:INFO:192.168.11.14 - Trying create backup.
2024-02-18 16:41:09,833:backup_app.Backup:INFO:192.168.11.15 - Trying create backup.
2024-02-18 16:41:09,837:backup_app.Backup:INFO:192.168.11.16 - Trying create backup.
2024-02-18 16:41:12,840:backup_app.connections.SSH_Connection:INFO:('192.168.11.12 - Trying download configuration ', 'from the device.')
2024-02-18 16:41:12,848:backup_app.connections.SSH_Connection:INFO:('192.168.11.13 - Trying download configuration ', 'from the device.')
2024-02-18 16:41:12,848:backup_app.connections.SSH_Connection:INFO:('192.168.11.14 - Trying download configuration ', 'from the device.')
2024-02-18 16:41:12,913:backup_app.connections.SSH_Connection:INFO:('r1.home - Trying download configuration ', 'from the device.')
2024-02-18 16:41:23,350:backup_app.connections.SSH_Connection:ERROR:("192.168.11.13 - Can't connect. Device ", 'not found in known_host file.')
2024-02-18 16:41:23,351:backup_app.Backup:WARNING:192.168.11.13 - Unable to connect to device.
2024-02-18 16:41:26,999:backup_app.connections.SSH_Connection:ERROR:("192.168.11.12 - Can't connect. Device ", 'not found in known_host file.')
2024-02-18 16:41:27,000:backup_app.connections.SSH_Connection:ERROR:("192.168.11.14 - Can't connect. Device ", 'not found in known_host file.')
2024-02-18 16:41:27,000:backup_app.connections.SSH_Connection:WARNING:192.168.11.16 - Host isn't responding. Skip.
2024-02-18 16:41:27,001:backup_app.connections.SSH_Connection:WARNING:192.168.11.15 - Host isn't responding. Skip.
2024-02-18 16:41:27,001:backup_app.Backup:WARNING:192.168.11.12 - Unable to connect to device.
2024-02-18 16:41:27,002:backup_app.Backup:WARNING:192.168.11.16 - Unable to connect to device.
2024-02-18 16:41:27,003:backup_app.Backup:WARNING:192.168.11.14 - Unable to connect to device.
2024-02-18 16:41:27,003:backup_app.Backup:WARNING:192.168.11.15 - Unable to connect to device.
2024-02-18 16:41:28,139:backup_app.devices.Cisco:INFO:r1.home - Skiping line 'Building configuration...'.
2024-02-18 16:41:28,140:backup_app.devices.Cisco:INFO:r1.home - Skiping line 'Current configuration : 3540 bytes'.
2024-02-18 16:41:28,141:backup_app.Backup:INFO:("r1.home - The folder doesn't exist ", "or account doesn't have permissions.")
2024-02-18 16:41:28,142:backup_app.Backup:INFO:r1.home - Creating a folder.
2024-02-18 16:41:28,165:backup_app.git_operations.Git:INFO:r1.home - File modify.
2024-02-18 16:41:28,165:backup_app.git_operations.Git:INFO:r1.home - Commiting repository.
2024-02-18 16:41:28,246:backup_app.git_operations.Git:INFO:r1.home - Commited.
2024-02-18 16:41:28,246:backup_app.Backup:INFO:r1.home - Backup completed.
2024-02-18 16:42:20,972:backup_app.devices.Devices_Load:INFO:Creating device objects..
2024-02-18 16:42:20,973:backup_app.devices.Devices_Load:WARNING:192.168.11.12 - Path to key doesn't exist /home/backup_app/.ssh/cisco_id_rsa.
2024-02-18 16:42:20,973:backup_app.devices.Devices_Load:WARNING:192.168.11.14 - Path to key doesn't exist /home/backup_app/.ssh/mikrotik_id_rsa.
2024-02-18 16:42:20,974:backup_app.devices.Devices_Load:WARNING:192.168.11.16 - Path to key doesn't exist /home/backup_app/.ssh/juniper_id_rsa.pub.
2024-02-18 16:42:20,974:backup_app.Backup:INFO:Start application.
2024-02-18 16:42:20,982:backup_app.Backup:INFO:r1.home - Trying create backup.
2024-02-18 16:42:20,984:backup_app.Backup:INFO:192.168.11.12 - Trying create backup.
2024-02-18 16:42:20,986:backup_app.Backup:INFO:192.168.11.13 - Trying create backup.
2024-02-18 16:42:20,986:backup_app.Backup:INFO:192.168.11.14 - Trying create backup.
2024-02-18 16:42:20,990:backup_app.Backup:INFO:192.168.11.15 - Trying create backup.
2024-02-18 16:42:20,992:backup_app.Backup:INFO:192.168.11.16 - Trying create backup.
2024-02-18 16:42:24,024:backup_app.connections.SSH_Connection:INFO:('192.168.11.12 - Trying download configuration ', 'from the device.')
2024-02-18 16:42:24,031:backup_app.connections.SSH_Connection:INFO:('r1.home - Trying download configuration ', 'from the device.')
2024-02-18 16:42:24,036:backup_app.connections.SSH_Connection:INFO:('192.168.11.13 - Trying download configuration ', 'from the device.')
2024-02-18 16:42:24,036:backup_app.connections.SSH_Connection:INFO:('192.168.11.14 - Trying download configuration ', 'from the device.')
2024-02-18 16:42:26,360:backup_app.connections.SSH_Connection:WARNING:192.168.11.16 - Host isn't responding. Skip.
2024-02-18 16:42:26,362:backup_app.Backup:WARNING:192.168.11.16 - Unable to connect to device.
2024-02-18 16:42:27,479:backup_app.connections.SSH_Connection:ERROR:192.168.11.13 - Can't connect. Device not found in known_host file.
2024-02-18 16:42:27,479:backup_app.connections.SSH_Connection:WARNING:192.168.11.15 - Host isn't responding. Skip.
2024-02-18 16:42:27,481:backup_app.connections.SSH_Connection:ERROR:192.168.11.12 - Can't connect. Device not found in known_host file.
2024-02-18 16:42:27,481:backup_app.connections.SSH_Connection:ERROR:192.168.11.14 - Can't connect. Device not found in known_host file.
2024-02-18 16:42:27,482:backup_app.Backup:WARNING:192.168.11.13 - Unable to connect to device.
2024-02-18 16:42:27,483:backup_app.Backup:WARNING:192.168.11.15 - Unable to connect to device.
2024-02-18 16:42:27,484:backup_app.Backup:WARNING:192.168.11.12 - Unable to connect to device.
2024-02-18 16:42:27,484:backup_app.Backup:WARNING:192.168.11.14 - Unable to connect to device.
2024-02-18 16:42:28,638:backup_app.devices.Cisco:INFO:r1.home - Skiping line 'Building configuration...'.
2024-02-18 16:42:28,639:backup_app.devices.Cisco:INFO:r1.home - Skiping line 'Current configuration : 3540 bytes'.
2024-02-18 16:42:28,646:backup_app.git_operations.Git:INFO:r1.home - Nothing to commit.
2024-02-18 16:42:28,647:backup_app.Backup:INFO:r1.home - Backup completed.
